2017-06-05 11:14:25:__construct:demo
2017-06-05 11:14:25:parse_meta_file:/home/dat/projects/editablegrid-mysql-pdo/backend/profiles/postgres/scenario2.tsv
2017-06-05 11:14:25:get_next_id:select max(id)+1 from "scenario2"
2017-06-05 11:14:25:add:id vs 28v::id
2017-06-05 11:14:25:add:Array
(
    [id] => 28
    [name] => NULL
    [int] => NULL
    [currency] => NULL
    [float] => NULL
    [bool] => NULL
    [date] => NULL
    [datetime] => NULL
    [text] => NULL
    [email] => NULL
    [varchar_10] => NULL
    [id_detail] => NULL
    [enum] => NULL
    [default] => NULL
)

2017-06-05 11:14:25:db:insert:1:rows:1 id: query:INSERT INTO demo."scenario2"  ("id","name","int","currency","float","bool","date","datetime","text","email","varchar_10","id_detail","enum","default") VALUES ('28',NULL,NULL,NULL,NULL,NULL,NULL,NULL,NULL,NULL,NULL,NULL,NULL,NULL)
2017-06-05 11:14:25:__construct:demo
2017-06-05 11:14:25:db:load:SELECT * FROM "scenario2"
2017-06-05 11:14:25:parse_meta_file:/home/dat/projects/editablegrid-mysql-pdo/backend/profiles/postgres/scenario2.tsv
2017-06-05 11:14:33:__construct:demo
2017-06-05 11:14:33:parse_meta_file:/home/dat/projects/editablegrid-mysql-pdo/backend/profiles/postgres/scenario2.tsv
2017-06-05 11:14:33:parse_meta_file:/home/dat/projects/editablegrid-mysql-pdo/backend/profiles/postgres/scenario2.tsv
2017-06-05 11:14:33:update db_cols:name:xx
2017-06-05 11:14:33:db:modify:1:rows:1 query:UPDATE "scenario2" SET "name"='xx' WHERE "id"='28'
2017-06-05 11:14:33:modify:name:1
2017-06-05 11:16:02:__construct:demo
2017-06-05 11:16:02:parse_meta_file:/home/dat/projects/editablegrid-mysql-pdo/backend/profiles/postgres/scenario2.tsv
2017-06-05 11:16:02:update db_cols:date:2017-6-8
2017-06-05 11:16:02:db:modify:1:rows:1 query:UPDATE "scenario2" SET "date"='2017-6-8' WHERE "id"='24'
2017-06-05 11:16:02:modify:date:1
2017-06-05 11:16:06:__construct:demo
2017-06-05 11:16:06:parse_meta_file:/home/dat/projects/editablegrid-mysql-pdo/backend/profiles/postgres/scenario2.tsv
2017-06-05 11:16:06:update db_cols:date:2017-6-21
2017-06-05 11:16:06:db:modify:1:rows:1 query:UPDATE "scenario2" SET "date"='2017-6-21' WHERE "id"='25'
2017-06-05 11:16:06:modify:date:1
2017-06-05 11:39:51:__construct:demo
2017-06-05 11:39:51:db:load:SELECT * FROM "scenario1"
2017-06-05 11:39:51:parse_meta_file:/home/dat/projects/editablegrid-mysql-pdo/backend/profiles/postgres/scenario1.tsv
2017-06-05 11:39:51:__construct:demo
2017-06-05 11:39:51:db:load:SELECT * FROM "scenario2"
2017-06-05 11:39:51:parse_meta_file:/home/dat/projects/editablegrid-mysql-pdo/backend/profiles/postgres/scenario2.tsv
2017-06-05 11:39:51:__construct:demo
2017-06-05 11:39:51:db:load:SELECT * FROM "demo"
2017-06-05 11:39:51:parse_meta_file:/home/dat/projects/editablegrid-mysql-pdo/backend/profiles/postgres/demo.tsv
2017-06-05 11:40:12:__construct:demo
2017-06-05 11:40:12:__construct:demo
2017-06-05 11:40:12:db:load:SELECT * FROM "scenario2"
2017-06-05 11:40:12:db:load:SELECT * FROM "scenario1"
2017-06-05 11:40:12:parse_meta_file:/home/dat/projects/editablegrid-mysql-pdo/backend/profiles/postgres/scenario2.tsv
2017-06-05 11:40:12:parse_meta_file:/home/dat/projects/editablegrid-mysql-pdo/backend/profiles/postgres/scenario1.tsv
2017-06-05 11:40:12:__construct:demo
2017-06-05 11:40:12:db:load:SELECT * FROM "demo"
2017-06-05 11:40:12:parse_meta_file:/home/dat/projects/editablegrid-mysql-pdo/backend/profiles/postgres/demo.tsv
2017-06-05 11:40:33:__construct:demo
2017-06-05 11:40:33:db:load:SELECT * FROM "scenario1"
2017-06-05 11:40:33:parse_meta_file:/home/dat/projects/editablegrid-mysql-pdo/backend/profiles/postgres/scenario1.tsv
2017-06-05 11:40:33:__construct:demo
2017-06-05 11:40:33:db:load:SELECT * FROM "scenario2"
2017-06-05 11:40:33:parse_meta_file:/home/dat/projects/editablegrid-mysql-pdo/backend/profiles/postgres/scenario2.tsv
2017-06-05 11:40:33:__construct:demo
2017-06-05 11:40:33:db:load:SELECT * FROM "demo"
2017-06-05 11:40:33:parse_meta_file:/home/dat/projects/editablegrid-mysql-pdo/backend/profiles/postgres/demo.tsv
2017-06-05 11:41:04:__construct:demo
2017-06-05 11:41:04:__construct:demo
2017-06-05 11:41:04:db:load:SELECT * FROM "scenario1"
2017-06-05 11:41:04:parse_meta_file:/home/dat/projects/editablegrid-mysql-pdo/backend/profiles/postgres/scenario1.tsv
2017-06-05 11:41:04:db:load:SELECT * FROM "scenario2"
2017-06-05 11:41:04:parse_meta_file:/home/dat/projects/editablegrid-mysql-pdo/backend/profiles/postgres/scenario2.tsv
2017-06-05 11:41:04:__construct:demo
2017-06-05 11:41:04:db:load:SELECT * FROM "demo"
2017-06-05 11:41:04:parse_meta_file:/home/dat/projects/editablegrid-mysql-pdo/backend/profiles/postgres/demo.tsv
2017-06-05 11:41:15:__construct:demo
2017-06-05 11:41:15:db:load:SELECT * FROM "scenario1"
2017-06-05 11:41:15:parse_meta_file:/home/dat/projects/editablegrid-mysql-pdo/backend/profiles/postgres/scenario1.tsv
2017-06-05 11:41:15:__construct:demo
2017-06-05 11:41:15:db:load:SELECT * FROM "scenario2"
2017-06-05 11:41:15:parse_meta_file:/home/dat/projects/editablegrid-mysql-pdo/backend/profiles/postgres/scenario2.tsv
2017-06-05 11:41:15:__construct:demo
2017-06-05 11:41:15:db:load:SELECT * FROM "demo"
2017-06-05 11:41:15:parse_meta_file:/home/dat/projects/editablegrid-mysql-pdo/backend/profiles/postgres/demo.tsv
2017-06-05 11:41:35:__construct:demo
2017-06-05 11:41:35:db:load:SELECT * FROM "scenario1"
2017-06-05 11:41:35:parse_meta_file:/home/dat/projects/editablegrid-mysql-pdo/backend/profiles/postgres/scenario1.tsv
2017-06-05 11:41:35:__construct:demo
2017-06-05 11:41:35:db:load:SELECT * FROM "scenario2"
2017-06-05 11:41:35:parse_meta_file:/home/dat/projects/editablegrid-mysql-pdo/backend/profiles/postgres/scenario2.tsv
2017-06-05 11:41:35:__construct:demo
2017-06-05 11:41:35:db:load:SELECT * FROM "demo"
2017-06-05 11:41:35:parse_meta_file:/home/dat/projects/editablegrid-mysql-pdo/backend/profiles/postgres/demo.tsv
2017-06-05 11:42:25:__construct:demo
2017-06-05 11:42:25:db:load:SELECT * FROM "scenario1"
2017-06-05 11:42:25:parse_meta_file:/home/dat/projects/editablegrid-mysql-pdo/backend/profiles/postgres/scenario1.tsv
2017-06-05 11:42:25:__construct:demo
2017-06-05 11:42:25:db:load:SELECT * FROM "scenario2"
2017-06-05 11:42:25:parse_meta_file:/home/dat/projects/editablegrid-mysql-pdo/backend/profiles/postgres/scenario2.tsv
2017-06-05 11:42:25:__construct:demo
2017-06-05 11:42:25:db:load:SELECT * FROM "demo"
2017-06-05 11:42:25:parse_meta_file:/home/dat/projects/editablegrid-mysql-pdo/backend/profiles/postgres/demo.tsv
2017-06-05 11:58:09:__construct:demo
2017-06-05 11:58:09:db:load:SELECT * FROM "scenario1"
2017-06-05 11:58:09:parse_meta_file:/home/dat/projects/editablegrid-mysql-pdo/backend/profiles/postgres/scenario1.tsv
2017-06-05 11:58:09:__construct:demo
2017-06-05 11:58:09:db:load:SELECT * FROM "scenario2"
2017-06-05 11:58:09:parse_meta_file:/home/dat/projects/editablegrid-mysql-pdo/backend/profiles/postgres/scenario2.tsv
2017-06-05 11:58:09:__construct:demo
2017-06-05 11:58:09:db:load:SELECT * FROM "demo"
2017-06-05 11:58:09:parse_meta_file:/home/dat/projects/editablegrid-mysql-pdo/backend/profiles/postgres/demo.tsv
2017-06-05 11:58:58:__construct:demo
2017-06-05 11:58:58:db:load:SELECT * FROM "scenario1"
2017-06-05 11:58:58:parse_meta_file:/home/dat/projects/editablegrid-mysql-pdo/backend/profiles/postgres/scenario1.tsv
2017-06-05 11:58:58:__construct:demo
2017-06-05 11:58:58:db:load:SELECT * FROM "scenario2"
2017-06-05 11:58:58:parse_meta_file:/home/dat/projects/editablegrid-mysql-pdo/backend/profiles/postgres/scenario2.tsv
2017-06-05 11:58:58:__construct:demo
2017-06-05 11:58:58:db:load:SELECT * FROM "demo"
2017-06-05 11:58:58:parse_meta_file:/home/dat/projects/editablegrid-mysql-pdo/backend/profiles/postgres/demo.tsv
2017-06-05 11:59:00:__construct:demo
2017-06-05 11:59:00:__construct:demo
2017-06-05 11:59:00:db:load:SELECT * FROM "scenario1"
2017-06-05 11:59:00:parse_meta_file:/home/dat/projects/editablegrid-mysql-pdo/backend/profiles/postgres/scenario1.tsv
2017-06-05 11:59:00:db:load:SELECT * FROM "scenario2"
2017-06-05 11:59:00:parse_meta_file:/home/dat/projects/editablegrid-mysql-pdo/backend/profiles/postgres/scenario2.tsv
2017-06-05 11:59:00:__construct:demo
2017-06-05 11:59:00:db:load:SELECT * FROM "demo"
2017-06-05 11:59:00:parse_meta_file:/home/dat/projects/editablegrid-mysql-pdo/backend/profiles/postgres/demo.tsv
2017-06-05 12:01:08:__construct:demo
2017-06-05 12:01:08:__construct:demo
2017-06-05 12:01:08:db:load:SELECT * FROM "scenario2"
2017-06-05 12:01:08:parse_meta_file:/home/dat/projects/editablegrid-mysql-pdo/backend/profiles/postgres/scenario2.tsv
2017-06-05 12:01:08:db:load:SELECT * FROM "scenario1"
2017-06-05 12:01:08:parse_meta_file:/home/dat/projects/editablegrid-mysql-pdo/backend/profiles/postgres/scenario1.tsv
2017-06-05 12:01:08:__construct:demo
2017-06-05 12:01:08:db:load:SELECT * FROM "demo"
2017-06-05 12:01:08:parse_meta_file:/home/dat/projects/editablegrid-mysql-pdo/backend/profiles/postgres/demo.tsv
2017-06-05 12:03:29:__construct:demo
2017-06-05 12:03:29:__construct:demo
2017-06-05 12:03:29:db:load:SELECT * FROM "scenario1"
2017-06-05 12:03:29:parse_meta_file:/home/dat/projects/editablegrid-mysql-pdo/backend/profiles/postgres/scenario1.tsv
2017-06-05 12:03:29:db:load:SELECT * FROM "scenario2"
2017-06-05 12:03:29:parse_meta_file:/home/dat/projects/editablegrid-mysql-pdo/backend/profiles/postgres/scenario2.tsv
2017-06-05 12:03:29:__construct:demo
2017-06-05 12:03:29:db:load:SELECT * FROM "demo"
2017-06-05 12:03:29:parse_meta_file:/home/dat/projects/editablegrid-mysql-pdo/backend/profiles/postgres/demo.tsv
2017-06-05 12:03:58:__construct:demo
2017-06-05 12:03:58:db:load:SELECT * FROM "scenario2"
2017-06-05 12:03:58:parse_meta_file:/home/dat/projects/editablegrid-mysql-pdo/backend/profiles/postgres/scenario2.tsv
2017-06-05 12:03:58:__construct:demo
2017-06-05 12:03:58:db:load:SELECT * FROM "scenario1"
2017-06-05 12:03:58:parse_meta_file:/home/dat/projects/editablegrid-mysql-pdo/backend/profiles/postgres/scenario1.tsv
2017-06-05 12:03:58:__construct:demo
2017-06-05 12:03:58:db:load:SELECT * FROM "demo"
2017-06-05 12:03:58:parse_meta_file:/home/dat/projects/editablegrid-mysql-pdo/backend/profiles/postgres/demo.tsv
2017-06-05 12:06:09:__construct:demo
2017-06-05 12:06:09:db:load:SELECT * FROM "scenario1"
2017-06-05 12:06:09:parse_meta_file:/home/dat/projects/editablegrid-mysql-pdo/backend/profiles/postgres/scenario1.tsv
2017-06-05 12:06:09:__construct:demo
2017-06-05 12:06:09:db:load:SELECT * FROM "scenario2"
2017-06-05 12:06:09:parse_meta_file:/home/dat/projects/editablegrid-mysql-pdo/backend/profiles/postgres/scenario2.tsv
2017-06-05 12:06:09:__construct:demo
2017-06-05 12:06:09:db:load:SELECT * FROM "demo"
2017-06-05 12:06:09:parse_meta_file:/home/dat/projects/editablegrid-mysql-pdo/backend/profiles/postgres/demo.tsv
2017-06-05 12:07:05:__construct:demo
2017-06-05 12:07:05:__construct:demo
2017-06-05 12:07:05:db:load:SELECT * FROM "scenario2"
2017-06-05 12:07:05:parse_meta_file:/home/dat/projects/editablegrid-mysql-pdo/backend/profiles/postgres/scenario2.tsv
2017-06-05 12:07:05:db:load:SELECT * FROM "scenario1"
2017-06-05 12:07:05:parse_meta_file:/home/dat/projects/editablegrid-mysql-pdo/backend/profiles/postgres/scenario1.tsv
2017-06-05 12:07:05:__construct:demo
2017-06-05 12:07:05:db:load:SELECT * FROM "demo"
2017-06-05 12:07:05:parse_meta_file:/home/dat/projects/editablegrid-mysql-pdo/backend/profiles/postgres/demo.tsv
2017-06-05 12:09:19:__construct:demo
2017-06-05 12:09:19:db:load:SELECT * FROM "scenario2"
2017-06-05 12:09:19:parse_meta_file:/home/dat/projects/editablegrid-mysql-pdo/backend/profiles/postgres/scenario2.tsv
2017-06-05 12:09:19:__construct:demo
2017-06-05 12:09:19:db:load:SELECT * FROM "scenario1"
2017-06-05 12:09:19:parse_meta_file:/home/dat/projects/editablegrid-mysql-pdo/backend/profiles/postgres/scenario1.tsv
2017-06-05 12:09:19:__construct:demo
2017-06-05 12:09:19:db:load:SELECT * FROM "demo"
2017-06-05 12:09:19:parse_meta_file:/home/dat/projects/editablegrid-mysql-pdo/backend/profiles/postgres/demo.tsv
2017-06-05 12:11:15:__construct:demo
2017-06-05 12:11:15:__construct:demo
2017-06-05 12:11:15:db:load:SELECT * FROM "scenario2"
2017-06-05 12:11:15:parse_meta_file:/home/dat/projects/editablegrid-mysql-pdo/backend/profiles/postgres/scenario2.tsv
2017-06-05 12:11:15:db:load:SELECT * FROM "scenario1"
2017-06-05 12:11:15:parse_meta_file:/home/dat/projects/editablegrid-mysql-pdo/backend/profiles/postgres/scenario1.tsv
2017-06-05 12:11:15:__construct:demo
2017-06-05 12:11:15:db:load:SELECT * FROM "demo"
2017-06-05 12:11:15:parse_meta_file:/home/dat/projects/editablegrid-mysql-pdo/backend/profiles/postgres/demo.tsv
2017-06-05 12:11:17:__construct:demo
2017-06-05 12:11:17:__construct:demo
2017-06-05 12:11:17:db:load:SELECT * FROM "scenario2"
2017-06-05 12:11:17:parse_meta_file:/home/dat/projects/editablegrid-mysql-pdo/backend/profiles/postgres/scenario2.tsv
2017-06-05 12:11:17:db:load:SELECT * FROM "scenario1"
2017-06-05 12:11:17:parse_meta_file:/home/dat/projects/editablegrid-mysql-pdo/backend/profiles/postgres/scenario1.tsv
2017-06-05 12:11:17:__construct:demo
2017-06-05 12:11:17:db:load:SELECT * FROM "demo"
2017-06-05 12:11:17:parse_meta_file:/home/dat/projects/editablegrid-mysql-pdo/backend/profiles/postgres/demo.tsv
2017-06-05 12:12:20:__construct:demo
2017-06-05 12:12:20:__construct:demo
2017-06-05 12:12:20:db:load:SELECT * FROM "scenario1"
2017-06-05 12:12:20:parse_meta_file:/home/dat/projects/editablegrid-mysql-pdo/backend/profiles/postgres/scenario1.tsv
2017-06-05 12:12:20:db:load:SELECT * FROM "scenario2"
2017-06-05 12:12:20:parse_meta_file:/home/dat/projects/editablegrid-mysql-pdo/backend/profiles/postgres/scenario2.tsv
2017-06-05 12:12:20:__construct:demo
2017-06-05 12:12:20:db:load:SELECT * FROM "demo"
2017-06-05 12:12:20:parse_meta_file:/home/dat/projects/editablegrid-mysql-pdo/backend/profiles/postgres/demo.tsv
2017-06-05 12:15:07:__construct:demo
2017-06-05 12:15:07:db:load:SELECT * FROM "scenario1"
2017-06-05 12:15:07:parse_meta_file:/home/dat/projects/editablegrid-mysql-pdo/backend/profiles/postgres/scenario1.tsv
2017-06-05 12:15:07:__construct:demo
2017-06-05 12:15:07:db:load:SELECT * FROM "scenario2"
2017-06-05 12:15:07:parse_meta_file:/home/dat/projects/editablegrid-mysql-pdo/backend/profiles/postgres/scenario2.tsv
2017-06-05 12:15:07:__construct:demo
2017-06-05 12:15:07:db:load:SELECT * FROM "demo"
2017-06-05 12:15:07:parse_meta_file:/home/dat/projects/editablegrid-mysql-pdo/backend/profiles/postgres/demo.tsv
2017-06-05 12:15:38:__construct:demo
2017-06-05 12:15:38:__construct:demo
2017-06-05 12:15:38:db:load:SELECT * FROM "scenario1"
2017-06-05 12:15:38:parse_meta_file:/home/dat/projects/editablegrid-mysql-pdo/backend/profiles/postgres/scenario1.tsv
2017-06-05 12:15:38:db:load:SELECT * FROM "scenario2"
2017-06-05 12:15:38:parse_meta_file:/home/dat/projects/editablegrid-mysql-pdo/backend/profiles/postgres/scenario2.tsv
2017-06-05 12:15:38:__construct:demo
2017-06-05 12:15:38:db:load:SELECT * FROM "demo"
2017-06-05 12:15:38:parse_meta_file:/home/dat/projects/editablegrid-mysql-pdo/backend/profiles/postgres/demo.tsv
2017-06-05 12:17:55:__construct:demo
2017-06-05 12:17:55:__construct:demo
2017-06-05 12:17:55:db:load:SELECT * FROM "scenario1"
2017-06-05 12:17:55:parse_meta_file:/home/dat/projects/editablegrid-mysql-pdo/backend/profiles/postgres/scenario1.tsv
2017-06-05 12:17:55:db:load:SELECT * FROM "scenario2"
2017-06-05 12:17:55:parse_meta_file:/home/dat/projects/editablegrid-mysql-pdo/backend/profiles/postgres/scenario2.tsv
2017-06-05 12:17:55:__construct:demo
2017-06-05 12:17:55:db:load:SELECT * FROM "demo"
2017-06-05 12:17:55:parse_meta_file:/home/dat/projects/editablegrid-mysql-pdo/backend/profiles/postgres/demo.tsv
2017-06-05 12:22:54:__construct:demo
2017-06-05 12:22:54:__construct:demo
2017-06-05 12:22:54:db:load:SELECT * FROM "scenario2"
2017-06-05 12:22:54:parse_meta_file:/home/dat/projects/editablegrid-mysql-pdo/backend/profiles/postgres/scenario2.tsv
2017-06-05 12:22:54:db:load:SELECT * FROM "scenario1"
2017-06-05 12:22:54:parse_meta_file:/home/dat/projects/editablegrid-mysql-pdo/backend/profiles/postgres/scenario1.tsv
2017-06-05 12:22:54:__construct:demo
2017-06-05 12:22:54:db:load:SELECT * FROM "demo"
2017-06-05 12:22:54:parse_meta_file:/home/dat/projects/editablegrid-mysql-pdo/backend/profiles/postgres/demo.tsv
2017-06-05 12:23:14:__construct:demo
2017-06-05 12:23:14:__construct:demo
2017-06-05 12:23:14:db:load:SELECT * FROM "scenario1"
2017-06-05 12:23:14:parse_meta_file:/home/dat/projects/editablegrid-mysql-pdo/backend/profiles/postgres/scenario1.tsv
2017-06-05 12:23:14:db:load:SELECT * FROM "scenario2"
2017-06-05 12:23:14:parse_meta_file:/home/dat/projects/editablegrid-mysql-pdo/backend/profiles/postgres/scenario2.tsv
2017-06-05 12:23:14:__construct:demo
2017-06-05 12:23:14:db:load:SELECT * FROM "demo"
2017-06-05 12:23:14:parse_meta_file:/home/dat/projects/editablegrid-mysql-pdo/backend/profiles/postgres/demo.tsv
2017-06-05 12:23:38:__construct:demo
2017-06-05 12:23:38:db:load:SELECT * FROM "scenario1"
2017-06-05 12:23:38:parse_meta_file:/home/dat/projects/editablegrid-mysql-pdo/backend/profiles/postgres/scenario1.tsv
2017-06-05 12:23:38:__construct:demo
2017-06-05 12:23:38:db:load:SELECT * FROM "scenario2"
2017-06-05 12:23:38:parse_meta_file:/home/dat/projects/editablegrid-mysql-pdo/backend/profiles/postgres/scenario2.tsv
2017-06-05 12:23:38:__construct:demo
2017-06-05 12:23:38:db:load:SELECT * FROM "demo"
2017-06-05 12:23:38:parse_meta_file:/home/dat/projects/editablegrid-mysql-pdo/backend/profiles/postgres/demo.tsv
2017-06-05 12:24:42:__construct:demo
2017-06-05 12:24:42:db:load:SELECT * FROM "scenario1"
2017-06-05 12:24:42:parse_meta_file:/home/dat/projects/editablegrid-mysql-pdo/backend/profiles/postgres/scenario1.tsv
2017-06-05 12:24:42:__construct:demo
2017-06-05 12:24:42:db:load:SELECT * FROM "scenario2"
2017-06-05 12:24:42:parse_meta_file:/home/dat/projects/editablegrid-mysql-pdo/backend/profiles/postgres/scenario2.tsv
2017-06-05 12:24:42:__construct:demo
2017-06-05 12:24:42:db:load:SELECT * FROM "demo"
2017-06-05 12:24:42:parse_meta_file:/home/dat/projects/editablegrid-mysql-pdo/backend/profiles/postgres/demo.tsv
2017-06-05 12:26:16:__construct:demo
2017-06-05 12:26:16:__construct:demo
2017-06-05 12:26:16:db:load:SELECT * FROM "scenario1"
2017-06-05 12:26:16:parse_meta_file:/home/dat/projects/editablegrid-mysql-pdo/backend/profiles/postgres/scenario1.tsv
2017-06-05 12:26:16:db:load:SELECT * FROM "scenario2"
2017-06-05 12:26:16:parse_meta_file:/home/dat/projects/editablegrid-mysql-pdo/backend/profiles/postgres/scenario2.tsv
2017-06-05 12:26:16:__construct:demo
2017-06-05 12:26:16:db:load:SELECT * FROM "demo"
2017-06-05 12:26:16:parse_meta_file:/home/dat/projects/editablegrid-mysql-pdo/backend/profiles/postgres/demo.tsv
2017-06-05 12:27:05:__construct:demo
2017-06-05 12:27:05:db:load:SELECT * FROM "scenario1"
2017-06-05 12:27:05:parse_meta_file:/home/dat/projects/editablegrid-mysql-pdo/backend/profiles/postgres/scenario1.tsv
2017-06-05 12:27:05:__construct:demo
2017-06-05 12:27:05:db:load:SELECT * FROM "scenario2"
2017-06-05 12:27:05:parse_meta_file:/home/dat/projects/editablegrid-mysql-pdo/backend/profiles/postgres/scenario2.tsv
2017-06-05 12:27:05:__construct:demo
2017-06-05 12:27:05:db:load:SELECT * FROM "demo"
2017-06-05 12:27:05:parse_meta_file:/home/dat/projects/editablegrid-mysql-pdo/backend/profiles/postgres/demo.tsv
2017-06-05 12:28:34:__construct:demo
2017-06-05 12:28:34:db:load:SELECT * FROM "scenario1"
2017-06-05 12:28:34:parse_meta_file:/home/dat/projects/editablegrid-mysql-pdo/backend/profiles/postgres/scenario1.tsv
2017-06-05 12:28:34:__construct:demo
2017-06-05 12:28:34:db:load:SELECT * FROM "scenario2"
2017-06-05 12:28:34:parse_meta_file:/home/dat/projects/editablegrid-mysql-pdo/backend/profiles/postgres/scenario2.tsv
2017-06-05 12:28:34:__construct:demo
2017-06-05 12:28:34:db:load:SELECT * FROM "demo"
2017-06-05 12:28:34:parse_meta_file:/home/dat/projects/editablegrid-mysql-pdo/backend/profiles/postgres/demo.tsv
2017-06-05 12:29:14:__construct:demo
2017-06-05 12:29:14:db:load:SELECT * FROM "scenario1"
2017-06-05 12:29:14:parse_meta_file:/home/dat/projects/editablegrid-mysql-pdo/backend/profiles/postgres/scenario1.tsv
2017-06-05 12:29:14:__construct:demo
2017-06-05 12:29:14:db:load:SELECT * FROM "scenario2"
2017-06-05 12:29:14:parse_meta_file:/home/dat/projects/editablegrid-mysql-pdo/backend/profiles/postgres/scenario2.tsv
2017-06-05 12:29:14:__construct:demo
2017-06-05 12:29:14:db:load:SELECT * FROM "demo"
2017-06-05 12:29:14:parse_meta_file:/home/dat/projects/editablegrid-mysql-pdo/backend/profiles/postgres/demo.tsv
2017-06-05 12:29:49:__construct:demo
2017-06-05 12:29:49:db:load:SELECT * FROM "scenario1"
2017-06-05 12:29:49:parse_meta_file:/home/dat/projects/editablegrid-mysql-pdo/backend/profiles/postgres/scenario1.tsv
2017-06-05 12:29:49:__construct:demo
2017-06-05 12:29:49:db:load:SELECT * FROM "scenario2"
2017-06-05 12:29:49:parse_meta_file:/home/dat/projects/editablegrid-mysql-pdo/backend/profiles/postgres/scenario2.tsv
2017-06-05 12:29:49:__construct:demo
2017-06-05 12:29:49:db:load:SELECT * FROM "demo"
2017-06-05 12:29:49:parse_meta_file:/home/dat/projects/editablegrid-mysql-pdo/backend/profiles/postgres/demo.tsv
2017-06-05 12:30:21:__construct:demo
2017-06-05 12:30:21:db:load:SELECT * FROM "scenario1"
2017-06-05 12:30:21:parse_meta_file:/home/dat/projects/editablegrid-mysql-pdo/backend/profiles/postgres/scenario1.tsv
2017-06-05 12:30:21:__construct:demo
2017-06-05 12:30:21:db:load:SELECT * FROM "scenario2"
2017-06-05 12:30:21:parse_meta_file:/home/dat/projects/editablegrid-mysql-pdo/backend/profiles/postgres/scenario2.tsv
2017-06-05 12:30:21:__construct:demo
2017-06-05 12:30:21:db:load:SELECT * FROM "demo"
2017-06-05 12:30:21:parse_meta_file:/home/dat/projects/editablegrid-mysql-pdo/backend/profiles/postgres/demo.tsv
2017-06-05 12:30:23:__construct:demo
2017-06-05 12:30:23:parse_meta_file:/home/dat/projects/editablegrid-mysql-pdo/backend/profiles/postgres/scenario1.tsv
2017-06-05 12:30:23:db:delete:DELETE FROM "scenario1"  WHERE "id"='18':1
2017-06-05 12:30:26:__construct:demo
2017-06-05 12:30:26:parse_meta_file:/home/dat/projects/editablegrid-mysql-pdo/backend/profiles/postgres/scenario1.tsv
2017-06-05 12:30:26:db:delete:DELETE FROM "scenario1"  WHERE "id"='17':1
2017-06-05 12:31:39:__construct:demo
2017-06-05 12:31:39:__construct:demo
2017-06-05 12:31:39:db:load:SELECT * FROM "scenario1"
2017-06-05 12:31:39:parse_meta_file:/home/dat/projects/editablegrid-mysql-pdo/backend/profiles/postgres/scenario1.tsv
2017-06-05 12:31:39:db:load:SELECT * FROM "scenario2"
2017-06-05 12:31:39:parse_meta_file:/home/dat/projects/editablegrid-mysql-pdo/backend/profiles/postgres/scenario2.tsv
2017-06-05 12:31:39:__construct:demo
2017-06-05 12:31:39:db:load:SELECT * FROM "demo"
2017-06-05 12:31:39:parse_meta_file:/home/dat/projects/editablegrid-mysql-pdo/backend/profiles/postgres/demo.tsv
2017-06-05 12:33:17:__construct:demo
2017-06-05 12:33:17:db:load:SELECT * FROM "scenario1"
2017-06-05 12:33:17:parse_meta_file:/home/dat/projects/editablegrid-mysql-pdo/backend/profiles/postgres/scenario1.tsv
2017-06-05 12:33:17:__construct:demo
2017-06-05 12:33:17:db:load:SELECT * FROM "scenario2"
2017-06-05 12:33:17:parse_meta_file:/home/dat/projects/editablegrid-mysql-pdo/backend/profiles/postgres/scenario2.tsv
2017-06-05 12:33:17:__construct:demo
2017-06-05 12:33:17:db:load:SELECT * FROM "demo"
2017-06-05 12:33:17:parse_meta_file:/home/dat/projects/editablegrid-mysql-pdo/backend/profiles/postgres/demo.tsv
2017-06-05 12:33:35:__construct:demo
2017-06-05 12:33:35:__construct:demo
2017-06-05 12:33:35:db:load:SELECT * FROM "scenario2"
2017-06-05 12:33:35:parse_meta_file:/home/dat/projects/editablegrid-mysql-pdo/backend/profiles/postgres/scenario2.tsv
2017-06-05 12:33:35:db:load:SELECT * FROM "scenario1"
2017-06-05 12:33:35:parse_meta_file:/home/dat/projects/editablegrid-mysql-pdo/backend/profiles/postgres/scenario1.tsv
2017-06-05 12:33:35:__construct:demo
2017-06-05 12:33:35:db:load:SELECT * FROM "demo"
2017-06-05 12:33:35:parse_meta_file:/home/dat/projects/editablegrid-mysql-pdo/backend/profiles/postgres/demo.tsv
2017-06-05 12:34:06:__construct:demo
2017-06-05 12:34:06:parse_meta_file:/home/dat/projects/editablegrid-mysql-pdo/backend/profiles/postgres/scenario2.tsv
2017-06-05 12:34:06:db:delete:DELETE FROM "scenario2"  WHERE "id"='25':1
2017-06-05 12:35:27:__construct:demo
2017-06-05 12:35:27:__construct:demo
2017-06-05 12:35:27:db:load:SELECT * FROM "scenario1"
2017-06-05 12:35:27:parse_meta_file:/home/dat/projects/editablegrid-mysql-pdo/backend/profiles/postgres/scenario1.tsv
2017-06-05 12:35:27:db:load:SELECT * FROM "scenario2"
2017-06-05 12:35:27:parse_meta_file:/home/dat/projects/editablegrid-mysql-pdo/backend/profiles/postgres/scenario2.tsv
2017-06-05 12:35:27:__construct:demo
2017-06-05 12:35:27:db:load:SELECT * FROM "demo"
2017-06-05 12:35:27:parse_meta_file:/home/dat/projects/editablegrid-mysql-pdo/backend/profiles/postgres/demo.tsv
2017-06-05 12:35:34:__construct:demo
2017-06-05 12:35:34:parse_meta_file:/home/dat/projects/editablegrid-mysql-pdo/backend/profiles/postgres/scenario2.tsv
2017-06-05 12:35:34:db:delete:DELETE FROM "scenario2"  WHERE "id"='28':1
2017-06-05 12:36:17:__construct:demo
2017-06-05 12:36:17:__construct:demo
2017-06-05 12:36:17:db:load:SELECT * FROM "scenario1"
2017-06-05 12:36:17:parse_meta_file:/home/dat/projects/editablegrid-mysql-pdo/backend/profiles/postgres/scenario1.tsv
2017-06-05 12:36:17:db:load:SELECT * FROM "scenario2"
2017-06-05 12:36:17:parse_meta_file:/home/dat/projects/editablegrid-mysql-pdo/backend/profiles/postgres/scenario2.tsv
2017-06-05 12:36:17:__construct:demo
2017-06-05 12:36:17:db:load:SELECT * FROM "demo"
2017-06-05 12:36:17:parse_meta_file:/home/dat/projects/editablegrid-mysql-pdo/backend/profiles/postgres/demo.tsv
2017-06-05 14:16:05:__construct:demo
2017-06-05 14:16:05:db:load:SELECT * FROM "scenario1"
2017-06-05 14:16:05:parse_meta_file:/home/dat/projects/editablegrid-mysql-pdo/backend/profiles/postgres/scenario1.tsv
2017-06-05 14:16:05:__construct:demo
2017-06-05 14:16:05:db:load:SELECT * FROM "scenario2"
2017-06-05 14:16:05:parse_meta_file:/home/dat/projects/editablegrid-mysql-pdo/backend/profiles/postgres/scenario2.tsv
2017-06-05 14:16:05:__construct:demo
2017-06-05 14:16:05:db:load:SELECT * FROM "demo"
2017-06-05 14:16:05:parse_meta_file:/home/dat/projects/editablegrid-mysql-pdo/backend/profiles/postgres/demo.tsv
2017-06-05 14:16:12:__construct:demo
2017-06-05 14:16:12:parse_meta_file:/home/dat/projects/editablegrid-mysql-pdo/backend/profiles/postgres/scenario1.tsv
2017-06-05 14:16:12:get cond:"id"='14':"id"='14'
2017-06-05 14:16:12:get:select * from "scenario1" where "id"='14'
2017-06-05 14:16:12:parse_meta_file:/home/dat/projects/editablegrid-mysql-pdo/backend/profiles/postgres/scenario1.tsv
2017-06-05 14:16:12:db:insert:1:rows:1 id:120 query:INSERT INTO demo."scenario1"  ("id","name","int","currency","float","bool","date","datetime","text","email","varchar_10","id_detail","enum","default") VALUES (DEFAULT,'Nicholas','18','1.92','2','0',NULL,NULL,'','mollis@eutellus.co.uk','Troy','4','','FOOBAR')
2017-06-05 14:16:12:__construct:demo
2017-06-05 14:16:12:db:load:SELECT * FROM "scenario1"
2017-06-05 14:16:12:parse_meta_file:/home/dat/projects/editablegrid-mysql-pdo/backend/profiles/postgres/scenario1.tsv
2017-06-05 14:17:09:__construct:demo
2017-06-05 14:17:09:db:load:SELECT * FROM "scenario1"
2017-06-05 14:17:09:parse_meta_file:/home/dat/projects/editablegrid-mysql-pdo/backend/profiles/postgres/scenario1.tsv
2017-06-05 14:17:09:__construct:demo
2017-06-05 14:17:09:db:load:SELECT * FROM "scenario2"
2017-06-05 14:17:09:parse_meta_file:/home/dat/projects/editablegrid-mysql-pdo/backend/profiles/postgres/scenario2.tsv
2017-06-05 14:17:09:__construct:demo
2017-06-05 14:17:09:db:load:SELECT * FROM "demo"
2017-06-05 14:17:09:parse_meta_file:/home/dat/projects/editablegrid-mysql-pdo/backend/profiles/postgres/demo.tsv
2017-06-05 14:19:09:__construct:demo
2017-06-05 14:19:09:parse_meta_file:/home/dat/projects/editablegrid-mysql-pdo/backend/profiles/postgres/scenario1.tsv
2017-06-05 14:19:09:get cond:"id"='120':"id"='120'
2017-06-05 14:19:09:get:select * from "scenario1" where "id"='120'
2017-06-05 14:19:09:parse_meta_file:/home/dat/projects/editablegrid-mysql-pdo/backend/profiles/postgres/scenario1.tsv
2017-06-05 14:19:09:db:insert:1:rows:1 id:121 query:INSERT INTO demo."scenario1"  ("id","name","int","currency","float","bool","date","datetime","text","email","varchar_10","id_detail","enum","default") VALUES (DEFAULT,'Nicholas','18','1.92','2','0',NULL,NULL,'','mollis@eutellus.co.uk','Troy','4','','FOOBAR')
2017-06-05 14:19:09:__construct:demo
2017-06-05 14:19:09:db:load:SELECT * FROM "scenario1"
2017-06-05 14:19:09:parse_meta_file:/home/dat/projects/editablegrid-mysql-pdo/backend/profiles/postgres/scenario1.tsv
2017-06-05 14:21:21:__construct:demo
2017-06-05 14:21:21:__construct:demo
2017-06-05 14:21:21:db:load:SELECT * FROM "scenario2"
2017-06-05 14:21:21:parse_meta_file:/home/dat/projects/editablegrid-mysql-pdo/backend/profiles/postgres/scenario2.tsv
2017-06-05 14:21:21:db:load:SELECT * FROM "scenario1"
2017-06-05 14:21:21:parse_meta_file:/home/dat/projects/editablegrid-mysql-pdo/backend/profiles/postgres/scenario1.tsv
2017-06-05 14:21:21:__construct:demo
2017-06-05 14:21:21:db:load:SELECT * FROM "demo"
2017-06-05 14:21:21:parse_meta_file:/home/dat/projects/editablegrid-mysql-pdo/backend/profiles/postgres/demo.tsv
2017-06-05 14:21:38:__construct:demo
2017-06-05 14:21:38:parse_meta_file:/home/dat/projects/editablegrid-mysql-pdo/backend/profiles/postgres/scenario1.tsv
2017-06-05 14:21:38:get cond:"id"='121':"id"='121'
2017-06-05 14:21:38:get:select * from "scenario1" where "id"='121'
2017-06-05 14:21:38:parse_meta_file:/home/dat/projects/editablegrid-mysql-pdo/backend/profiles/postgres/scenario1.tsv
2017-06-05 14:21:38:db:insert:1:rows:1 id:122 query:INSERT INTO demo."scenario1"  ("id","name","int","currency","float","bool","date","datetime","text","email","varchar_10","id_detail","enum","default") VALUES (DEFAULT,'Nicholas','18','1.92','2','0',NULL,NULL,'','mollis@eutellus.co.uk','Troy','4','','FOOBAR')
2017-06-05 14:21:38:__construct:demo
2017-06-05 14:21:38:db:load:SELECT * FROM "scenario1"
2017-06-05 14:21:38:parse_meta_file:/home/dat/projects/editablegrid-mysql-pdo/backend/profiles/postgres/scenario1.tsv
2017-06-05 14:23:56:__construct:demo
2017-06-05 14:23:56:db:load:SELECT * FROM "scenario1"
2017-06-05 14:23:56:parse_meta_file:/home/dat/projects/editablegrid-mysql-pdo/backend/profiles/postgres/scenario1.tsv
2017-06-05 14:23:56:__construct:demo
2017-06-05 14:23:56:db:load:SELECT * FROM "scenario2"
2017-06-05 14:23:56:parse_meta_file:/home/dat/projects/editablegrid-mysql-pdo/backend/profiles/postgres/scenario2.tsv
2017-06-05 14:23:56:__construct:demo
2017-06-05 14:23:56:db:load:SELECT * FROM "demo"
2017-06-05 14:23:56:parse_meta_file:/home/dat/projects/editablegrid-mysql-pdo/backend/profiles/postgres/demo.tsv
2017-06-05 14:23:59:__construct:demo
2017-06-05 14:23:59:parse_meta_file:/home/dat/projects/editablegrid-mysql-pdo/backend/profiles/postgres/scenario1.tsv
2017-06-05 14:23:59:get cond:"id"='122':"id"='122'
2017-06-05 14:23:59:get:select * from "scenario1" where "id"='122'
2017-06-05 14:23:59:parse_meta_file:/home/dat/projects/editablegrid-mysql-pdo/backend/profiles/postgres/scenario1.tsv
2017-06-05 14:23:59:db:insert:1:rows:1 id:123 query:INSERT INTO demo."scenario1"  ("id","name","int","currency","float","bool","date","datetime","text","email","varchar_10","id_detail","enum","default") VALUES (DEFAULT,'Nicholas','18','1.92','2','0',NULL,NULL,'','mollis@eutellus.co.uk','Troy','4','','FOOBAR')
2017-06-05 14:23:59:__construct:demo
2017-06-05 14:23:59:db:load:SELECT * FROM "scenario1"
2017-06-05 14:23:59:parse_meta_file:/home/dat/projects/editablegrid-mysql-pdo/backend/profiles/postgres/scenario1.tsv
2017-06-05 14:24:21:__construct:demo
2017-06-05 14:24:21:__construct:demo
2017-06-05 14:24:21:db:load:SELECT * FROM "scenario2"
2017-06-05 14:24:21:parse_meta_file:/home/dat/projects/editablegrid-mysql-pdo/backend/profiles/postgres/scenario2.tsv
2017-06-05 14:24:21:db:load:SELECT * FROM "scenario1"
2017-06-05 14:24:21:parse_meta_file:/home/dat/projects/editablegrid-mysql-pdo/backend/profiles/postgres/scenario1.tsv
2017-06-05 14:24:21:__construct:demo
2017-06-05 14:24:21:db:load:SELECT * FROM "demo"
2017-06-05 14:24:21:parse_meta_file:/home/dat/projects/editablegrid-mysql-pdo/backend/profiles/postgres/demo.tsv
2017-06-05 14:24:24:__construct:demo
2017-06-05 14:24:24:parse_meta_file:/home/dat/projects/editablegrid-mysql-pdo/backend/profiles/postgres/scenario2.tsv
2017-06-05 14:24:24:get cond:"id"='24':"id"='24'
2017-06-05 14:24:24:get:select * from "scenario2" where "id"='24'
2017-06-05 14:24:24:parse_meta_file:/home/dat/projects/editablegrid-mysql-pdo/backend/profiles/postgres/scenario2.tsv
2017-06-05 14:24:24:get_next_id:select max(id)+1 from "scenario2"
2017-06-05 14:24:24:db:insert:1:rows:1 id: query:INSERT INTO demo."scenario2"  ("id","name","int","currency","float","bool","date","datetime","text","email","varchar_10","id_detail","enum","default") VALUES ('28','Andon','88','1.32','1','1','2017-06-08','2017-05-04 00:00:00','asdfasdfasdfadfl;djasfa','Nam@quisdiamluctus.org','1234567890','1','ok','FOOBAR')
2017-06-05 14:24:24:__construct:demo
2017-06-05 14:24:24:db:load:SELECT * FROM "scenario2"
2017-06-05 14:24:24:parse_meta_file:/home/dat/projects/editablegrid-mysql-pdo/backend/profiles/postgres/scenario2.tsv
2017-06-05 14:24:40:__construct:demo
2017-06-05 14:24:40:parse_meta_file:/home/dat/projects/editablegrid-mysql-pdo/backend/profiles/postgres/scenario2.tsv
2017-06-05 14:24:40:get cond:"id"='28':"id"='28'
2017-06-05 14:24:40:get:select * from "scenario2" where "id"='28'
2017-06-05 14:24:40:parse_meta_file:/home/dat/projects/editablegrid-mysql-pdo/backend/profiles/postgres/scenario2.tsv
2017-06-05 14:24:40:get_next_id:select max(id)+1 from "scenario2"
2017-06-05 14:24:40:db:insert:1:rows:1 id: query:INSERT INTO demo."scenario2"  ("id","name","int","currency","float","bool","date","datetime","text","email","varchar_10","id_detail","enum","default") VALUES ('29','Andon','88','1.32','1','1','2017-06-08','2017-05-04 00:00:00','asdfasdfasdfadfl;djasfa','Nam@quisdiamluctus.org','1234567890','1','ok','FOOBAR')
2017-06-05 14:24:40:__construct:demo
2017-06-05 14:24:40:db:load:SELECT * FROM "scenario2"
2017-06-05 14:24:40:parse_meta_file:/home/dat/projects/editablegrid-mysql-pdo/backend/profiles/postgres/scenario2.tsv
2017-06-05 14:25:12:__construct:demo
2017-06-05 14:25:12:__construct:demo
2017-06-05 14:25:12:db:load:SELECT * FROM "scenario1"
2017-06-05 14:25:12:parse_meta_file:/home/dat/projects/editablegrid-mysql-pdo/backend/profiles/postgres/scenario1.tsv
2017-06-05 14:25:12:db:load:SELECT * FROM "scenario2"
2017-06-05 14:25:12:parse_meta_file:/home/dat/projects/editablegrid-mysql-pdo/backend/profiles/postgres/scenario2.tsv
2017-06-05 14:25:12:__construct:demo
2017-06-05 14:25:12:db:load:SELECT * FROM "demo"
2017-06-05 14:25:12:parse_meta_file:/home/dat/projects/editablegrid-mysql-pdo/backend/profiles/postgres/demo.tsv
2017-06-05 14:25:37:__construct:demo
2017-06-05 14:25:37:__construct:demo
2017-06-05 14:25:37:db:load:SELECT * FROM "scenario1"
2017-06-05 14:25:37:parse_meta_file:/home/dat/projects/editablegrid-mysql-pdo/backend/profiles/postgres/scenario1.tsv
2017-06-05 14:25:37:db:load:SELECT * FROM "scenario2"
2017-06-05 14:25:37:parse_meta_file:/home/dat/projects/editablegrid-mysql-pdo/backend/profiles/postgres/scenario2.tsv
2017-06-05 14:25:37:__construct:demo
2017-06-05 14:25:37:db:load:SELECT * FROM "demo"
2017-06-05 14:25:37:parse_meta_file:/home/dat/projects/editablegrid-mysql-pdo/backend/profiles/postgres/demo.tsv
2017-06-05 14:26:03:__construct:demo
2017-06-05 14:26:03:parse_meta_file:/home/dat/projects/editablegrid-mysql-pdo/backend/profiles/postgres/scenario1.tsv
2017-06-05 14:26:03:get cond:"id"='122':"id"='122'
2017-06-05 14:26:03:get:select * from "scenario1" where "id"='122'
2017-06-05 14:26:03:parse_meta_file:/home/dat/projects/editablegrid-mysql-pdo/backend/profiles/postgres/scenario1.tsv
2017-06-05 14:26:03:db:insert:1:rows:1 id:124 query:INSERT INTO demo."scenario1"  ("id","name","int","currency","float","bool","date","datetime","text","email","varchar_10","id_detail","enum","default") VALUES (DEFAULT,'Nicholas','18','1.92','2','0',NULL,NULL,'','mollis@eutellus.co.uk','Troy','4','','FOOBAR')
2017-06-05 14:26:03:__construct:demo
2017-06-05 14:26:03:db:load:SELECT * FROM "scenario1"
2017-06-05 14:26:03:parse_meta_file:/home/dat/projects/editablegrid-mysql-pdo/backend/profiles/postgres/scenario1.tsv
2017-06-05 14:26:38:__construct:demo
2017-06-05 14:26:38:db:load:SELECT * FROM "scenario1"
2017-06-05 14:26:38:parse_meta_file:/home/dat/projects/editablegrid-mysql-pdo/backend/profiles/postgres/scenario1.tsv
2017-06-05 14:26:38:__construct:demo
2017-06-05 14:26:38:__construct:demo
2017-06-05 14:26:38:db:load:SELECT * FROM "scenario2"
2017-06-05 14:26:38:parse_meta_file:/home/dat/projects/editablegrid-mysql-pdo/backend/profiles/postgres/scenario2.tsv
2017-06-05 14:26:38:db:load:SELECT * FROM "demo"
2017-06-05 14:26:38:parse_meta_file:/home/dat/projects/editablegrid-mysql-pdo/backend/profiles/postgres/demo.tsv
2017-06-05 14:28:31:__construct:demo
2017-06-05 14:28:31:db:load:SELECT * FROM "scenario1"
2017-06-05 14:28:31:parse_meta_file:/home/dat/projects/editablegrid-mysql-pdo/backend/profiles/postgres/scenario1.tsv
2017-06-05 14:28:31:__construct:demo
2017-06-05 14:28:31:db:load:SELECT * FROM "scenario2"
2017-06-05 14:28:31:parse_meta_file:/home/dat/projects/editablegrid-mysql-pdo/backend/profiles/postgres/scenario2.tsv
2017-06-05 14:28:31:__construct:demo
2017-06-05 14:28:31:db:load:SELECT * FROM "demo"
2017-06-05 14:28:31:parse_meta_file:/home/dat/projects/editablegrid-mysql-pdo/backend/profiles/postgres/demo.tsv
2017-06-05 14:28:37:__construct:demo
2017-06-05 14:28:37:__construct:demo
2017-06-05 14:28:37:db:load:SELECT * FROM "scenario2"
2017-06-05 14:28:37:parse_meta_file:/home/dat/projects/editablegrid-mysql-pdo/backend/profiles/postgres/scenario2.tsv
2017-06-05 14:28:37:db:load:SELECT * FROM "scenario1"
2017-06-05 14:28:37:parse_meta_file:/home/dat/projects/editablegrid-mysql-pdo/backend/profiles/postgres/scenario1.tsv
2017-06-05 14:28:37:__construct:demo
2017-06-05 14:28:37:db:load:SELECT * FROM "demo"
2017-06-05 14:28:37:parse_meta_file:/home/dat/projects/editablegrid-mysql-pdo/backend/profiles/postgres/demo.tsv
2017-06-05 14:29:18:__construct:demo
2017-06-05 14:29:18:db:load:SELECT * FROM "scenario2"
2017-06-05 14:29:18:parse_meta_file:/home/dat/projects/editablegrid-mysql-pdo/backend/profiles/postgres/scenario2.tsv
2017-06-05 14:29:18:__construct:demo
2017-06-05 14:29:18:db:load:SELECT * FROM "scenario1"
2017-06-05 14:29:18:parse_meta_file:/home/dat/projects/editablegrid-mysql-pdo/backend/profiles/postgres/scenario1.tsv
2017-06-05 14:29:18:__construct:demo
2017-06-05 14:29:18:db:load:SELECT * FROM "demo"
2017-06-05 14:29:18:parse_meta_file:/home/dat/projects/editablegrid-mysql-pdo/backend/profiles/postgres/demo.tsv
2017-06-05 14:31:55:__construct:demo
2017-06-05 14:31:55:db:load:SELECT * FROM "scenario1"
2017-06-05 14:31:55:parse_meta_file:/home/dat/projects/editablegrid-mysql-pdo/backend/profiles/postgres/scenario1.tsv
2017-06-05 14:31:55:__construct:demo
2017-06-05 14:31:55:db:load:SELECT * FROM "scenario2"
2017-06-05 14:31:55:parse_meta_file:/home/dat/projects/editablegrid-mysql-pdo/backend/profiles/postgres/scenario2.tsv
2017-06-05 14:31:55:__construct:demo
2017-06-05 14:31:55:db:load:SELECT * FROM "demo"
2017-06-05 14:31:55:parse_meta_file:/home/dat/projects/editablegrid-mysql-pdo/backend/profiles/postgres/demo.tsv
2017-06-05 14:32:59:__construct:demo
2017-06-05 14:32:59:db:load:SELECT * FROM "scenario1"
2017-06-05 14:32:59:parse_meta_file:/home/dat/projects/editablegrid-mysql-pdo/backend/profiles/postgres/scenario1.tsv
2017-06-05 14:32:59:__construct:demo
2017-06-05 14:32:59:db:load:SELECT * FROM "scenario2"
2017-06-05 14:32:59:parse_meta_file:/home/dat/projects/editablegrid-mysql-pdo/backend/profiles/postgres/scenario2.tsv
2017-06-05 14:32:59:__construct:demo
2017-06-05 14:32:59:db:load:SELECT * FROM "demo"
2017-06-05 14:32:59:parse_meta_file:/home/dat/projects/editablegrid-mysql-pdo/backend/profiles/postgres/demo.tsv
2017-06-05 14:36:55:__construct:demo
2017-06-05 14:36:55:__construct:demo
2017-06-05 14:36:55:db:load:SELECT * FROM "scenario2"
2017-06-05 14:36:55:parse_meta_file:/home/dat/projects/editablegrid-mysql-pdo/backend/profiles/postgres/scenario2.tsv
2017-06-05 14:36:55:db:load:SELECT * FROM "scenario1"
2017-06-05 14:36:55:parse_meta_file:/home/dat/projects/editablegrid-mysql-pdo/backend/profiles/postgres/scenario1.tsv
2017-06-05 14:36:55:__construct:demo
2017-06-05 14:36:55:db:load:SELECT * FROM "demo"
2017-06-05 14:36:55:parse_meta_file:/home/dat/projects/editablegrid-mysql-pdo/backend/profiles/postgres/demo.tsv
2017-06-05 14:46:21:__construct:demo
2017-06-05 14:46:21:db:load:SELECT * FROM "scenario1"
2017-06-05 14:46:21:parse_meta_file:/home/dat/projects/editablegrid-mysql-pdo/backend/profiles/postgres/scenario1.tsv
2017-06-05 14:46:21:__construct:demo
2017-06-05 14:46:21:db:load:SELECT * FROM "scenario2"
2017-06-05 14:46:21:parse_meta_file:/home/dat/projects/editablegrid-mysql-pdo/backend/profiles/postgres/scenario2.tsv
2017-06-05 14:46:21:__construct:demo
2017-06-05 14:46:21:db:load:SELECT * FROM "demo"
2017-06-05 14:46:21:parse_meta_file:/home/dat/projects/editablegrid-mysql-pdo/backend/profiles/postgres/demo.tsv
2017-06-05 14:49:00:__construct:demo
2017-06-05 14:49:00:__construct:demo
2017-06-05 14:49:00:db:load:SELECT * FROM "scenario2"
2017-06-05 14:49:00:db:load:SELECT * FROM "scenario1"
2017-06-05 14:49:00:parse_meta_file:/home/dat/projects/editablegrid-mysql-pdo/backend/profiles/postgres/scenario1.tsv
2017-06-05 14:49:00:parse_meta_file:/home/dat/projects/editablegrid-mysql-pdo/backend/profiles/postgres/scenario2.tsv
2017-06-05 14:49:00:__construct:demo
2017-06-05 14:49:00:db:load:SELECT * FROM "demo"
2017-06-05 14:49:00:parse_meta_file:/home/dat/projects/editablegrid-mysql-pdo/backend/profiles/postgres/demo.tsv
2017-06-05 14:49:02:__construct:demo
2017-06-05 14:49:02:parse_meta_file:/home/dat/projects/editablegrid-mysql-pdo/backend/profiles/postgres/demo.tsv
2017-06-05 14:49:02:get cond:"id"='1006':"id"='1006'
2017-06-05 14:49:02:get:select * from "demo" where "id"='1006'
2017-06-05 14:49:02:parse_meta_file:/home/dat/projects/editablegrid-mysql-pdo/backend/profiles/postgres/demo.tsv
2017-06-05 14:49:02:get_next_id:select max(id)+1 from "demo"
2017-06-05 14:49:02:db:insert:1:rows:1 id: query:INSERT INTO demo."demo"  ("id","name","firstname","age","height","id_continent","id_country","email","freelance","lastvisit","website") VALUES ('1007','Atkins','Ishmael','44','1.42','eu','UK','arcu.et.pede@musProin.cam','1','2012-02-25','www.xzuquuhxbid.ltk')
2017-06-05 14:49:02:__construct:demo
2017-06-05 14:49:02:db:load:SELECT * FROM "demo"
2017-06-05 14:49:02:parse_meta_file:/home/dat/projects/editablegrid-mysql-pdo/backend/profiles/postgres/demo.tsv
2017-06-05 14:49:11:__construct:demo
2017-06-05 14:49:11:parse_meta_file:/home/dat/projects/editablegrid-mysql-pdo/backend/profiles/postgres/scenario2.tsv
2017-06-05 14:49:11:get cond:"id"='29':"id"='29'
2017-06-05 14:49:11:get:select * from "scenario2" where "id"='29'
2017-06-05 14:49:11:parse_meta_file:/home/dat/projects/editablegrid-mysql-pdo/backend/profiles/postgres/scenario2.tsv
2017-06-05 14:49:11:get_next_id:select max(id)+1 from "scenario2"
2017-06-05 14:49:11:db:insert:1:rows:1 id: query:INSERT INTO demo."scenario2"  ("id","name","int","currency","float","bool","date","datetime","text","email","varchar_10","id_detail","enum","default") VALUES ('30','Andon','88','1.32','1','1','2017-06-08','2017-05-04 00:00:00','asdfasdfasdfadfl;djasfa','Nam@quisdiamluctus.org','1234567890','1','ok','FOOBAR')
2017-06-05 14:49:11:__construct:demo
2017-06-05 14:49:12:db:load:SELECT * FROM "scenario2"
2017-06-05 14:49:12:parse_meta_file:/home/dat/projects/editablegrid-mysql-pdo/backend/profiles/postgres/scenario2.tsv
2017-06-05 14:49:22:__construct:demo
2017-06-05 14:49:22:parse_meta_file:/home/dat/projects/editablegrid-mysql-pdo/backend/profiles/postgres/scenario1.tsv
2017-06-05 14:49:22:get cond:"id"='124':"id"='124'
2017-06-05 14:49:22:get:select * from "scenario1" where "id"='124'
2017-06-05 14:49:22:parse_meta_file:/home/dat/projects/editablegrid-mysql-pdo/backend/profiles/postgres/scenario1.tsv
2017-06-05 14:49:22:db:insert:1:rows:1 id:125 query:INSERT INTO demo."scenario1"  ("id","name","int","currency","float","bool","date","datetime","text","email","varchar_10","id_detail","enum","default") VALUES (DEFAULT,'Nicholas','18','1.92','2','0',NULL,NULL,'','mollis@eutellus.co.uk','Troy','4','','FOOBAR')
2017-06-05 14:49:22:__construct:demo
2017-06-05 14:49:22:db:load:SELECT * FROM "scenario1"
2017-06-05 14:49:22:parse_meta_file:/home/dat/projects/editablegrid-mysql-pdo/backend/profiles/postgres/scenario1.tsv
2017-06-05 14:49:36:__construct:demo
2017-06-05 14:49:36:parse_meta_file:/home/dat/projects/editablegrid-mysql-pdo/backend/profiles/postgres/demo.tsv
2017-06-05 14:49:36:db:delete:DELETE FROM "demo"  WHERE "id"='1007':1
2017-06-05 14:49:46:__construct:demo
2017-06-05 14:49:46:parse_meta_file:/home/dat/projects/editablegrid-mysql-pdo/backend/profiles/postgres/demo.tsv
2017-06-05 14:49:46:db:delete:DELETE FROM "demo"  WHERE "id"='1007':0
2017-06-05 14:49:53:__construct:demo
2017-06-05 14:49:53:parse_meta_file:/home/dat/projects/editablegrid-mysql-pdo/backend/profiles/postgres/demo.tsv
2017-06-05 14:49:53:get cond:"id"='1006':"id"='1006'
2017-06-05 14:49:53:__construct:demo
2017-06-05 14:49:53:parse_meta_file:/home/dat/projects/editablegrid-mysql-pdo/backend/profiles/postgres/demo.tsv
2017-06-05 14:49:53:get cond:"id"='1006':"id"='1006'
2017-06-05 14:49:53:get:select * from "demo" where "id"='1006'
2017-06-05 14:49:53:parse_meta_file:/home/dat/projects/editablegrid-mysql-pdo/backend/profiles/postgres/demo.tsv
2017-06-05 14:49:53:get:select * from "demo" where "id"='1006'
2017-06-05 14:49:53:parse_meta_file:/home/dat/projects/editablegrid-mysql-pdo/backend/profiles/postgres/demo.tsv
2017-06-05 14:49:53:get_next_id:select max(id)+1 from "demo"
2017-06-05 14:49:53:get_next_id:select max(id)+1 from "demo"
2017-06-05 14:49:53:db:insert:1:rows:1 id: query:INSERT INTO demo."demo"  ("id","name","firstname","age","height","id_continent","id_country","email","freelance","lastvisit","website") VALUES ('1007','Atkins','Ishmael','44','1.42','eu','UK','arcu.et.pede@musProin.cam','1','2012-02-25','www.xzuquuhxbid.ltk')
2017-06-05 14:49:53:__construct:demo
2017-06-05 14:49:53:db:load:SELECT * FROM "demo"
2017-06-05 14:49:53:parse_meta_file:/home/dat/projects/editablegrid-mysql-pdo/backend/profiles/postgres/demo.tsv
2017-06-05 14:49:53:db:insert::rows: id: query:INSERT INTO demo."demo"  ("id","name","firstname","age","height","id_continent","id_country","email","freelance","lastvisit","website") VALUES ('1007','Atkins','Ishmael','44','1.42','eu','UK','arcu.et.pede@musProin.cam','1','2012-02-25','www.xzuquuhxbid.ltk')
2017-06-05 14:50:02:__construct:demo
2017-06-05 14:50:02:parse_meta_file:/home/dat/projects/editablegrid-mysql-pdo/backend/profiles/postgres/demo.tsv
2017-06-05 14:50:02:db:delete:DELETE FROM "demo"  WHERE "id"='1007':1
2017-06-05 14:50:08:__construct:demo
2017-06-05 14:50:08:parse_meta_file:/home/dat/projects/editablegrid-mysql-pdo/backend/profiles/postgres/demo.tsv
2017-06-05 14:50:08:db:delete:DELETE FROM "demo"  WHERE "id"='1007':0
2017-06-05 14:50:47:__construct:demo
2017-06-05 14:50:47:__construct:demo
2017-06-05 14:50:47:db:load:SELECT * FROM "scenario2"
2017-06-05 14:50:47:parse_meta_file:/home/dat/projects/editablegrid-mysql-pdo/backend/profiles/postgres/scenario2.tsv
2017-06-05 14:50:47:db:load:SELECT * FROM "scenario1"
2017-06-05 14:50:47:parse_meta_file:/home/dat/projects/editablegrid-mysql-pdo/backend/profiles/postgres/scenario1.tsv
2017-06-05 14:50:47:__construct:demo
2017-06-05 14:50:47:db:load:SELECT * FROM "demo"
2017-06-05 14:50:47:parse_meta_file:/home/dat/projects/editablegrid-mysql-pdo/backend/profiles/postgres/demo.tsv
2017-06-05 14:50:50:__construct:demo
2017-06-05 14:50:50:db:load:SELECT * FROM "scenario2"
2017-06-05 14:50:50:parse_meta_file:/home/dat/projects/editablegrid-mysql-pdo/backend/profiles/postgres/scenario2.tsv
2017-06-05 14:50:50:__construct:demo
2017-06-05 14:50:50:db:load:SELECT * FROM "scenario1"
2017-06-05 14:50:50:parse_meta_file:/home/dat/projects/editablegrid-mysql-pdo/backend/profiles/postgres/scenario1.tsv
2017-06-05 14:50:50:__construct:demo
2017-06-05 14:50:50:db:load:SELECT * FROM "demo"
2017-06-05 14:50:50:parse_meta_file:/home/dat/projects/editablegrid-mysql-pdo/backend/profiles/postgres/demo.tsv
2017-06-05 14:50:54:__construct:demo
2017-06-05 14:50:54:parse_meta_file:/home/dat/projects/editablegrid-mysql-pdo/backend/profiles/postgres/demo.tsv
2017-06-05 14:50:54:get cond:"id"='1006':"id"='1006'
2017-06-05 14:50:54:get:select * from "demo" where "id"='1006'
2017-06-05 14:50:54:parse_meta_file:/home/dat/projects/editablegrid-mysql-pdo/backend/profiles/postgres/demo.tsv
2017-06-05 14:50:54:get_next_id:select max(id)+1 from "demo"
2017-06-05 14:50:54:db:insert:1:rows:1 id: query:INSERT INTO demo."demo"  ("id","name","firstname","age","height","id_continent","id_country","email","freelance","lastvisit","website") VALUES ('1007','Atkins','Ishmael','44','1.42','eu','UK','arcu.et.pede@musProin.cam','1','2012-02-25','www.xzuquuhxbid.ltk')
2017-06-05 14:50:54:__construct:demo
2017-06-05 14:50:54:db:load:SELECT * FROM "demo"
2017-06-05 14:50:54:parse_meta_file:/home/dat/projects/editablegrid-mysql-pdo/backend/profiles/postgres/demo.tsv
2017-06-05 14:51:02:__construct:demo
2017-06-05 14:51:02:parse_meta_file:/home/dat/projects/editablegrid-mysql-pdo/backend/profiles/postgres/demo.tsv
2017-06-05 14:51:02:get cond:"id"='1007':"id"='1007'
2017-06-05 14:51:02:get:select * from "demo" where "id"='1007'
2017-06-05 14:51:02:parse_meta_file:/home/dat/projects/editablegrid-mysql-pdo/backend/profiles/postgres/demo.tsv
2017-06-05 14:51:02:get_next_id:select max(id)+1 from "demo"
2017-06-05 14:51:02:__construct:demo
2017-06-05 14:51:02:parse_meta_file:/home/dat/projects/editablegrid-mysql-pdo/backend/profiles/postgres/demo.tsv
2017-06-05 14:51:02:get cond:"id"='1007':"id"='1007'
2017-06-05 14:51:02:get:select * from "demo" where "id"='1007'
2017-06-05 14:51:02:parse_meta_file:/home/dat/projects/editablegrid-mysql-pdo/backend/profiles/postgres/demo.tsv
2017-06-05 14:51:02:get_next_id:select max(id)+1 from "demo"
2017-06-05 14:51:02:db:insert:1:rows:1 id: query:INSERT INTO demo."demo"  ("id","name","firstname","age","height","id_continent","id_country","email","freelance","lastvisit","website") VALUES ('1008','Atkins','Ishmael','44','1.42','eu','UK','arcu.et.pede@musProin.cam','1','2012-02-25','www.xzuquuhxbid.ltk')
2017-06-05 14:51:02:db:insert::rows: id: query:INSERT INTO demo."demo"  ("id","name","firstname","age","height","id_continent","id_country","email","freelance","lastvisit","website") VALUES ('1008','Atkins','Ishmael','44','1.42','eu','UK','arcu.et.pede@musProin.cam','1','2012-02-25','www.xzuquuhxbid.ltk')
2017-06-05 14:51:02:__construct:demo
2017-06-05 14:51:02:db:load:SELECT * FROM "demo"
2017-06-05 14:51:02:parse_meta_file:/home/dat/projects/editablegrid-mysql-pdo/backend/profiles/postgres/demo.tsv
2017-06-05 14:51:12:__construct:demo
2017-06-05 14:51:12:parse_meta_file:/home/dat/projects/editablegrid-mysql-pdo/backend/profiles/postgres/demo.tsv
2017-06-05 14:51:12:get cond:"id"='1008':"id"='1008'
2017-06-05 14:51:12:get:select * from "demo" where "id"='1008'
2017-06-05 14:51:12:parse_meta_file:/home/dat/projects/editablegrid-mysql-pdo/backend/profiles/postgres/demo.tsv
2017-06-05 14:51:12:get_next_id:select max(id)+1 from "demo"
2017-06-05 14:51:12:__construct:demo
2017-06-05 14:51:12:parse_meta_file:/home/dat/projects/editablegrid-mysql-pdo/backend/profiles/postgres/demo.tsv
2017-06-05 14:51:12:get cond:"id"='1008':"id"='1008'
2017-06-05 14:51:12:get:select * from "demo" where "id"='1008'
2017-06-05 14:51:12:parse_meta_file:/home/dat/projects/editablegrid-mysql-pdo/backend/profiles/postgres/demo.tsv
2017-06-05 14:51:12:get_next_id:select max(id)+1 from "demo"
2017-06-05 14:51:12:__construct:demo
2017-06-05 14:51:12:parse_meta_file:/home/dat/projects/editablegrid-mysql-pdo/backend/profiles/postgres/demo.tsv
2017-06-05 14:51:12:get cond:"id"='1008':"id"='1008'
2017-06-05 14:51:12:db:insert:1:rows:1 id: query:INSERT INTO demo."demo"  ("id","name","firstname","age","height","id_continent","id_country","email","freelance","lastvisit","website") VALUES ('1009','Atkins','Ishmael','44','1.42','eu','UK','arcu.et.pede@musProin.cam','1','2012-02-25','www.xzuquuhxbid.ltk')
2017-06-05 14:51:12:db:insert::rows: id: query:INSERT INTO demo."demo"  ("id","name","firstname","age","height","id_continent","id_country","email","freelance","lastvisit","website") VALUES ('1009','Atkins','Ishmael','44','1.42','eu','UK','arcu.et.pede@musProin.cam','1','2012-02-25','www.xzuquuhxbid.ltk')
2017-06-05 14:51:12:get:select * from "demo" where "id"='1008'
2017-06-05 14:51:12:parse_meta_file:/home/dat/projects/editablegrid-mysql-pdo/backend/profiles/postgres/demo.tsv
2017-06-05 14:51:12:get_next_id:select max(id)+1 from "demo"
2017-06-05 14:51:12:db:insert:1:rows:1 id: query:INSERT INTO demo."demo"  ("id","name","firstname","age","height","id_continent","id_country","email","freelance","lastvisit","website") VALUES ('1010','Atkins','Ishmael','44','1.42','eu','UK','arcu.et.pede@musProin.cam','1','2012-02-25','www.xzuquuhxbid.ltk')
2017-06-05 14:51:12:__construct:demo
2017-06-05 14:51:12:db:load:SELECT * FROM "demo"
2017-06-05 14:51:12:parse_meta_file:/home/dat/projects/editablegrid-mysql-pdo/backend/profiles/postgres/demo.tsv
2017-06-05 14:51:12:__construct:demo
2017-06-05 14:51:12:db:load:SELECT * FROM "demo"
2017-06-05 14:51:12:parse_meta_file:/home/dat/projects/editablegrid-mysql-pdo/backend/profiles/postgres/demo.tsv
2017-06-05 14:52:36:__construct:demo
2017-06-05 14:52:36:parse_meta_file:/home/dat/projects/editablegrid-mysql-pdo/backend/profiles/postgres/demo.tsv
2017-06-05 14:52:36:db:delete:DELETE FROM "demo"  WHERE "id"='1010':1
2017-06-05 14:52:38:__construct:demo
2017-06-05 14:52:38:parse_meta_file:/home/dat/projects/editablegrid-mysql-pdo/backend/profiles/postgres/demo.tsv
2017-06-05 14:52:38:db:delete:DELETE FROM "demo"  WHERE "id"='1010':0
2017-06-05 14:52:39:__construct:demo
2017-06-05 14:52:39:parse_meta_file:/home/dat/projects/editablegrid-mysql-pdo/backend/profiles/postgres/demo.tsv
2017-06-05 14:52:39:db:delete:DELETE FROM "demo"  WHERE "id"='1010':0
2017-06-05 14:52:39:__construct:demo
2017-06-05 14:52:39:parse_meta_file:/home/dat/projects/editablegrid-mysql-pdo/backend/profiles/postgres/demo.tsv
2017-06-05 14:52:39:db:delete:DELETE FROM "demo"  WHERE "id"='1010':0
2017-06-05 14:52:40:__construct:demo
2017-06-05 14:52:40:parse_meta_file:/home/dat/projects/editablegrid-mysql-pdo/backend/profiles/postgres/demo.tsv
2017-06-05 14:52:40:db:delete:DELETE FROM "demo"  WHERE "id"='1010':0
2017-06-05 14:57:15:__construct:demo
2017-06-05 14:57:15:db:load:SELECT * FROM "scenario1"
2017-06-05 14:57:15:parse_meta_file:/home/dat/projects/editablegrid-mysql-pdo/backend/profiles/postgres/scenario1.tsv
2017-06-05 14:57:15:__construct:demo
2017-06-05 14:57:15:db:load:SELECT * FROM "scenario2"
2017-06-05 14:57:15:parse_meta_file:/home/dat/projects/editablegrid-mysql-pdo/backend/profiles/postgres/scenario2.tsv
2017-06-05 14:57:15:__construct:demo
2017-06-05 14:57:15:db:load:SELECT * FROM "demo"
2017-06-05 14:57:15:parse_meta_file:/home/dat/projects/editablegrid-mysql-pdo/backend/profiles/postgres/demo.tsv
2017-06-05 14:57:20:__construct:demo
2017-06-05 14:57:20:parse_meta_file:/home/dat/projects/editablegrid-mysql-pdo/backend/profiles/postgres/demo.tsv
2017-06-05 14:57:20:get cond:"id"='1009':"id"='1009'
2017-06-05 14:57:20:get:select * from "demo" where "id"='1009'
2017-06-05 14:57:20:parse_meta_file:/home/dat/projects/editablegrid-mysql-pdo/backend/profiles/postgres/demo.tsv
2017-06-05 14:57:20:get_next_id:select max(id)+1 from "demo"
2017-06-05 14:57:20:db:insert:1:rows:1 id: query:INSERT INTO demo."demo"  ("id","name","firstname","age","height","id_continent","id_country","email","freelance","lastvisit","website") VALUES ('1010','Atkins','Ishmael','44','1.42','eu','UK','arcu.et.pede@musProin.cam','1','2012-02-25','www.xzuquuhxbid.ltk')
2017-06-05 14:57:20:__construct:demo
2017-06-05 14:57:20:db:load:SELECT * FROM "demo"
2017-06-05 14:57:20:parse_meta_file:/home/dat/projects/editablegrid-mysql-pdo/backend/profiles/postgres/demo.tsv
2017-06-05 14:57:34:__construct:demo
2017-06-05 14:57:34:parse_meta_file:/home/dat/projects/editablegrid-mysql-pdo/backend/profiles/postgres/demo.tsv
2017-06-05 14:57:34:db:delete:DELETE FROM "demo"  WHERE "id"='1010':1
2017-06-05 14:58:22:__construct:demo
2017-06-05 14:58:22:__construct:demo
2017-06-05 14:58:22:db:load:SELECT * FROM "scenario2"
2017-06-05 14:58:22:parse_meta_file:/home/dat/projects/editablegrid-mysql-pdo/backend/profiles/postgres/scenario2.tsv
2017-06-05 14:58:22:db:load:SELECT * FROM "scenario1"
2017-06-05 14:58:22:parse_meta_file:/home/dat/projects/editablegrid-mysql-pdo/backend/profiles/postgres/scenario1.tsv
2017-06-05 14:58:22:__construct:demo
2017-06-05 14:58:22:db:load:SELECT * FROM "demo"
2017-06-05 14:58:22:parse_meta_file:/home/dat/projects/editablegrid-mysql-pdo/backend/profiles/postgres/demo.tsv
2017-06-05 14:58:29:__construct:demo
2017-06-05 14:58:29:parse_meta_file:/home/dat/projects/editablegrid-mysql-pdo/backend/profiles/postgres/demo.tsv
2017-06-05 14:58:29:db:delete:DELETE FROM "demo"  WHERE "id"='1009':1
2017-06-05 14:58:54:__construct:demo
2017-06-05 14:58:54:db:load:SELECT * FROM "scenario1"
2017-06-05 14:58:54:parse_meta_file:/home/dat/projects/editablegrid-mysql-pdo/backend/profiles/postgres/scenario1.tsv
2017-06-05 14:58:54:__construct:demo
2017-06-05 14:58:54:db:load:SELECT * FROM "scenario2"
2017-06-05 14:58:54:parse_meta_file:/home/dat/projects/editablegrid-mysql-pdo/backend/profiles/postgres/scenario2.tsv
2017-06-05 14:58:54:__construct:demo
2017-06-05 14:58:54:db:load:SELECT * FROM "demo"
2017-06-05 14:58:54:parse_meta_file:/home/dat/projects/editablegrid-mysql-pdo/backend/profiles/postgres/demo.tsv
2017-06-05 14:58:57:__construct:demo
2017-06-05 14:58:57:parse_meta_file:/home/dat/projects/editablegrid-mysql-pdo/backend/profiles/postgres/demo.tsv
2017-06-05 14:58:57:get cond:"id"='1008':"id"='1008'
2017-06-05 14:58:57:get:select * from "demo" where "id"='1008'
2017-06-05 14:58:57:parse_meta_file:/home/dat/projects/editablegrid-mysql-pdo/backend/profiles/postgres/demo.tsv
2017-06-05 14:58:57:get_next_id:select max(id)+1 from "demo"
2017-06-05 14:58:57:db:insert:1:rows:1 id: query:INSERT INTO demo."demo"  ("id","name","firstname","age","height","id_continent","id_country","email","freelance","lastvisit","website") VALUES ('1009','Atkins','Ishmael','44','1.42','eu','UK','arcu.et.pede@musProin.cam','1','2012-02-25','www.xzuquuhxbid.ltk')
2017-06-05 14:58:57:__construct:demo
2017-06-05 14:58:57:db:load:SELECT * FROM "demo"
2017-06-05 14:58:57:parse_meta_file:/home/dat/projects/editablegrid-mysql-pdo/backend/profiles/postgres/demo.tsv
2017-06-05 14:59:13:__construct:demo
2017-06-05 14:59:13:parse_meta_file:/home/dat/projects/editablegrid-mysql-pdo/backend/profiles/postgres/demo.tsv
2017-06-05 14:59:13:get cond:"id"='1009':"id"='1009'
2017-06-05 14:59:13:get:select * from "demo" where "id"='1009'
2017-06-05 14:59:13:parse_meta_file:/home/dat/projects/editablegrid-mysql-pdo/backend/profiles/postgres/demo.tsv
2017-06-05 14:59:13:get_next_id:select max(id)+1 from "demo"
2017-06-05 14:59:13:db:insert:1:rows:1 id: query:INSERT INTO demo."demo"  ("id","name","firstname","age","height","id_continent","id_country","email","freelance","lastvisit","website") VALUES ('1010','Atkins','Ishmael','44','1.42','eu','UK','arcu.et.pede@musProin.cam','1','2012-02-25','www.xzuquuhxbid.ltk')
2017-06-05 14:59:13:__construct:demo
2017-06-05 14:59:13:db:load:SELECT * FROM "demo"
2017-06-05 14:59:13:parse_meta_file:/home/dat/projects/editablegrid-mysql-pdo/backend/profiles/postgres/demo.tsv
2017-06-05 15:01:22:__construct:demo
2017-06-05 15:01:22:__construct:demo
2017-06-05 15:01:22:db:load:SELECT * FROM "scenario2"
2017-06-05 15:01:22:db:load:SELECT * FROM "scenario1"
2017-06-05 15:01:22:parse_meta_file:/home/dat/projects/editablegrid-mysql-pdo/backend/profiles/postgres/scenario2.tsv
2017-06-05 15:01:22:parse_meta_file:/home/dat/projects/editablegrid-mysql-pdo/backend/profiles/postgres/scenario1.tsv
2017-06-05 15:01:22:__construct:demo
2017-06-05 15:01:22:db:load:SELECT * FROM "demo"
2017-06-05 15:01:22:parse_meta_file:/home/dat/projects/editablegrid-mysql-pdo/backend/profiles/postgres/demo.tsv
2017-06-05 15:01:25:__construct:demo
2017-06-05 15:01:25:parse_meta_file:/home/dat/projects/editablegrid-mysql-pdo/backend/profiles/postgres/demo.tsv
2017-06-05 15:01:25:get cond:"id"='1010':"id"='1010'
2017-06-05 15:01:25:get:select * from "demo" where "id"='1010'
2017-06-05 15:01:25:parse_meta_file:/home/dat/projects/editablegrid-mysql-pdo/backend/profiles/postgres/demo.tsv
2017-06-05 15:01:25:get_next_id:select max(id)+1 from "demo"
2017-06-05 15:01:25:db:insert:1:rows:1 id: query:INSERT INTO demo."demo"  ("id","name","firstname","age","height","id_continent","id_country","email","freelance","lastvisit","website") VALUES ('1011','Atkins','Ishmael','44','1.42','eu','UK','arcu.et.pede@musProin.cam','1','2012-02-25','www.xzuquuhxbid.ltk')
2017-06-05 15:01:25:__construct:demo
2017-06-05 15:01:25:db:load:SELECT * FROM "demo"
2017-06-05 15:01:25:parse_meta_file:/home/dat/projects/editablegrid-mysql-pdo/backend/profiles/postgres/demo.tsv
2017-06-05 15:01:28:__construct:demo
2017-06-05 15:01:28:parse_meta_file:/home/dat/projects/editablegrid-mysql-pdo/backend/profiles/postgres/demo.tsv
2017-06-05 15:01:28:get cond:"id"='1011':"id"='1011'
2017-06-05 15:01:28:get:select * from "demo" where "id"='1011'
2017-06-05 15:01:28:parse_meta_file:/home/dat/projects/editablegrid-mysql-pdo/backend/profiles/postgres/demo.tsv
2017-06-05 15:01:28:get_next_id:select max(id)+1 from "demo"
2017-06-05 15:01:28:db:insert:1:rows:1 id: query:INSERT INTO demo."demo"  ("id","name","firstname","age","height","id_continent","id_country","email","freelance","lastvisit","website") VALUES ('1012','Atkins','Ishmael','44','1.42','eu','UK','arcu.et.pede@musProin.cam','1','2012-02-25','www.xzuquuhxbid.ltk')
2017-06-05 15:01:28:__construct:demo
2017-06-05 15:01:28:db:load:SELECT * FROM "demo"
2017-06-05 15:01:28:parse_meta_file:/home/dat/projects/editablegrid-mysql-pdo/backend/profiles/postgres/demo.tsv
2017-06-05 15:01:31:__construct:demo
2017-06-05 15:01:31:parse_meta_file:/home/dat/projects/editablegrid-mysql-pdo/backend/profiles/postgres/demo.tsv
2017-06-05 15:01:31:db:delete:DELETE FROM "demo"  WHERE "id"='1012':1
2017-06-05 15:01:35:__construct:demo
2017-06-05 15:01:35:parse_meta_file:/home/dat/projects/editablegrid-mysql-pdo/backend/profiles/postgres/scenario2.tsv
2017-06-05 15:01:35:get cond:"id"='30':"id"='30'
2017-06-05 15:01:35:get:select * from "scenario2" where "id"='30'
2017-06-05 15:01:35:parse_meta_file:/home/dat/projects/editablegrid-mysql-pdo/backend/profiles/postgres/scenario2.tsv
2017-06-05 15:01:35:get_next_id:select max(id)+1 from "scenario2"
2017-06-05 15:01:35:db:insert:1:rows:1 id: query:INSERT INTO demo."scenario2"  ("id","name","int","currency","float","bool","date","datetime","text","email","varchar_10","id_detail","enum","default") VALUES ('31','Andon','88','1.32','1','1','2017-06-08','2017-05-04 00:00:00','asdfasdfasdfadfl;djasfa','Nam@quisdiamluctus.org','1234567890','1','ok','FOOBAR')
2017-06-05 15:01:35:__construct:demo
2017-06-05 15:01:35:db:load:SELECT * FROM "scenario2"
2017-06-05 15:01:35:parse_meta_file:/home/dat/projects/editablegrid-mysql-pdo/backend/profiles/postgres/scenario2.tsv
2017-06-05 15:01:38:__construct:demo
2017-06-05 15:01:38:parse_meta_file:/home/dat/projects/editablegrid-mysql-pdo/backend/profiles/postgres/scenario2.tsv
2017-06-05 15:01:38:db:delete:DELETE FROM "scenario2"  WHERE "id"='31':1
2017-06-05 15:01:40:__construct:demo
2017-06-05 15:01:40:parse_meta_file:/home/dat/projects/editablegrid-mysql-pdo/backend/profiles/postgres/scenario2.tsv
2017-06-05 15:01:40:get cond:"id"='30':"id"='30'
2017-06-05 15:01:40:get:select * from "scenario2" where "id"='30'
2017-06-05 15:01:40:parse_meta_file:/home/dat/projects/editablegrid-mysql-pdo/backend/profiles/postgres/scenario2.tsv
2017-06-05 15:01:40:get_next_id:select max(id)+1 from "scenario2"
2017-06-05 15:01:40:db:insert:1:rows:1 id: query:INSERT INTO demo."scenario2"  ("id","name","int","currency","float","bool","date","datetime","text","email","varchar_10","id_detail","enum","default") VALUES ('31','Andon','88','1.32','1','1','2017-06-08','2017-05-04 00:00:00','asdfasdfasdfadfl;djasfa','Nam@quisdiamluctus.org','1234567890','1','ok','FOOBAR')
2017-06-05 15:01:40:__construct:demo
2017-06-05 15:01:40:db:load:SELECT * FROM "scenario2"
2017-06-05 15:01:40:parse_meta_file:/home/dat/projects/editablegrid-mysql-pdo/backend/profiles/postgres/scenario2.tsv
2017-06-05 15:01:42:__construct:demo
2017-06-05 15:01:42:parse_meta_file:/home/dat/projects/editablegrid-mysql-pdo/backend/profiles/postgres/scenario2.tsv
2017-06-05 15:01:42:get cond:"id"='31':"id"='31'
2017-06-05 15:01:42:get:select * from "scenario2" where "id"='31'
2017-06-05 15:01:42:parse_meta_file:/home/dat/projects/editablegrid-mysql-pdo/backend/profiles/postgres/scenario2.tsv
2017-06-05 15:01:42:get_next_id:select max(id)+1 from "scenario2"
2017-06-05 15:01:42:db:insert:1:rows:1 id: query:INSERT INTO demo."scenario2"  ("id","name","int","currency","float","bool","date","datetime","text","email","varchar_10","id_detail","enum","default") VALUES ('32','Andon','88','1.32','1','1','2017-06-08','2017-05-04 00:00:00','asdfasdfasdfadfl;djasfa','Nam@quisdiamluctus.org','1234567890','1','ok','FOOBAR')
2017-06-05 15:01:42:__construct:demo
2017-06-05 15:01:42:db:load:SELECT * FROM "scenario2"
2017-06-05 15:01:42:parse_meta_file:/home/dat/projects/editablegrid-mysql-pdo/backend/profiles/postgres/scenario2.tsv
2017-06-05 15:01:44:__construct:demo
2017-06-05 15:01:44:parse_meta_file:/home/dat/projects/editablegrid-mysql-pdo/backend/profiles/postgres/scenario1.tsv
2017-06-05 15:01:44:get cond:"id"='125':"id"='125'
2017-06-05 15:01:44:get:select * from "scenario1" where "id"='125'
2017-06-05 15:01:44:parse_meta_file:/home/dat/projects/editablegrid-mysql-pdo/backend/profiles/postgres/scenario1.tsv
2017-06-05 15:01:44:db:insert:1:rows:1 id:126 query:INSERT INTO demo."scenario1"  ("id","name","int","currency","float","bool","date","datetime","text","email","varchar_10","id_detail","enum","default") VALUES (DEFAULT,'Nicholas','18','1.92','2','0',NULL,NULL,'','mollis@eutellus.co.uk','Troy','4','','FOOBAR')
2017-06-05 15:01:45:__construct:demo
2017-06-05 15:01:45:db:load:SELECT * FROM "scenario1"
2017-06-05 15:01:45:parse_meta_file:/home/dat/projects/editablegrid-mysql-pdo/backend/profiles/postgres/scenario1.tsv
2017-06-05 15:01:47:__construct:demo
2017-06-05 15:01:47:parse_meta_file:/home/dat/projects/editablegrid-mysql-pdo/backend/profiles/postgres/scenario1.tsv
2017-06-05 15:01:47:get cond:"id"='126':"id"='126'
2017-06-05 15:01:47:get:select * from "scenario1" where "id"='126'
2017-06-05 15:01:47:parse_meta_file:/home/dat/projects/editablegrid-mysql-pdo/backend/profiles/postgres/scenario1.tsv
2017-06-05 15:01:47:db:insert:1:rows:1 id:127 query:INSERT INTO demo."scenario1"  ("id","name","int","currency","float","bool","date","datetime","text","email","varchar_10","id_detail","enum","default") VALUES (DEFAULT,'Nicholas','18','1.92','2','0',NULL,NULL,'','mollis@eutellus.co.uk','Troy','4','','FOOBAR')
2017-06-05 15:01:47:__construct:demo
2017-06-05 15:01:47:db:load:SELECT * FROM "scenario1"
2017-06-05 15:01:47:parse_meta_file:/home/dat/projects/editablegrid-mysql-pdo/backend/profiles/postgres/scenario1.tsv
2017-06-05 15:02:07:__construct:demo
2017-06-05 15:02:07:db:load:SELECT * FROM "scenario1"
2017-06-05 15:02:07:parse_meta_file:/home/dat/projects/editablegrid-mysql-pdo/backend/profiles/postgres/scenario1.tsv
2017-06-05 15:02:07:__construct:demo
2017-06-05 15:02:07:db:load:SELECT * FROM "scenario2"
2017-06-05 15:02:07:parse_meta_file:/home/dat/projects/editablegrid-mysql-pdo/backend/profiles/postgres/scenario2.tsv
2017-06-05 15:02:07:__construct:demo
2017-06-05 15:02:07:db:load:SELECT * FROM "demo"
2017-06-05 15:02:07:parse_meta_file:/home/dat/projects/editablegrid-mysql-pdo/backend/profiles/postgres/demo.tsv
2017-06-05 15:02:12:__construct:demo
2017-06-05 15:02:12:parse_meta_file:/home/dat/projects/editablegrid-mysql-pdo/backend/profiles/postgres/demo.tsv
2017-06-05 15:02:12:db:delete:DELETE FROM "demo"  WHERE "id"='1011':1
2017-06-05 15:02:14:__construct:demo
2017-06-05 15:02:14:parse_meta_file:/home/dat/projects/editablegrid-mysql-pdo/backend/profiles/postgres/demo.tsv
2017-06-05 15:02:14:db:delete:DELETE FROM "demo"  WHERE "id"='1010':1
2017-06-05 15:02:17:__construct:demo
2017-06-05 15:02:17:parse_meta_file:/home/dat/projects/editablegrid-mysql-pdo/backend/profiles/postgres/scenario1.tsv
2017-06-05 15:02:17:db:delete:DELETE FROM "scenario1"  WHERE "id"='127':1
2017-06-05 15:22:46:__construct:demo
2017-06-05 15:22:46:db:load:SELECT * FROM "scenario2"
2017-06-05 15:22:46:parse_meta_file:/home/dat/projects/editablegrid-mysql-pdo/backend/profiles/postgres/scenario2.tsv
2017-06-05 15:22:46:__construct:demo
2017-06-05 15:22:46:db:load:SELECT * FROM "demo"
2017-06-05 15:22:46:parse_meta_file:/home/dat/projects/editablegrid-mysql-pdo/backend/profiles/postgres/demo.tsv
2017-06-05 15:22:47:__construct:demo
2017-06-05 15:22:47:db:load:SELECT * FROM "scenario1"
2017-06-05 15:22:47:parse_meta_file:/home/dat/projects/editablegrid-mysql-pdo/backend/profiles/postgres/scenario1.tsv
2017-06-05 15:22:51:__construct:demo
2017-06-05 15:22:51:parse_meta_file:/home/dat/projects/editablegrid-mysql-pdo/backend/profiles/postgres/scenario1.tsv
2017-06-05 15:22:51:db:delete:DELETE FROM "scenario1"  WHERE "id"='126':1
2017-06-05 15:22:54:__construct:demo
2017-06-05 15:22:54:parse_meta_file:/home/dat/projects/editablegrid-mysql-pdo/backend/profiles/postgres/scenario1.tsv
2017-06-05 15:22:54:get cond:"id"='125':"id"='125'
2017-06-05 15:22:54:get:select * from "scenario1" where "id"='125'
2017-06-05 15:22:54:parse_meta_file:/home/dat/projects/editablegrid-mysql-pdo/backend/profiles/postgres/scenario1.tsv
2017-06-05 15:22:54:db:insert:1:rows:1 id:128 query:INSERT INTO demo."scenario1"  ("id","name","int","currency","float","bool","date","datetime","text","email","varchar_10","id_detail","enum","default") VALUES (DEFAULT,'Nicholas','18','1.92','2','0',NULL,NULL,'','mollis@eutellus.co.uk','Troy','4','','FOOBAR')
2017-06-05 15:22:54:__construct:demo
2017-06-05 15:22:54:db:load:SELECT * FROM "scenario1"
2017-06-05 15:22:54:parse_meta_file:/home/dat/projects/editablegrid-mysql-pdo/backend/profiles/postgres/scenario1.tsv
2017-06-05 15:22:57:__construct:demo
2017-06-05 15:22:57:parse_meta_file:/home/dat/projects/editablegrid-mysql-pdo/backend/profiles/postgres/scenario1.tsv
2017-06-05 15:22:57:get cond:"id"='128':"id"='128'
2017-06-05 15:22:57:get:select * from "scenario1" where "id"='128'
2017-06-05 15:22:57:parse_meta_file:/home/dat/projects/editablegrid-mysql-pdo/backend/profiles/postgres/scenario1.tsv
2017-06-05 15:22:57:db:insert:1:rows:1 id:129 query:INSERT INTO demo."scenario1"  ("id","name","int","currency","float","bool","date","datetime","text","email","varchar_10","id_detail","enum","default") VALUES (DEFAULT,'Nicholas','18','1.92','2','0',NULL,NULL,'','mollis@eutellus.co.uk','Troy','4','','FOOBAR')
2017-06-05 15:22:57:__construct:demo
2017-06-05 15:22:57:db:load:SELECT * FROM "scenario1"
2017-06-05 15:22:57:parse_meta_file:/home/dat/projects/editablegrid-mysql-pdo/backend/profiles/postgres/scenario1.tsv
2017-06-05 15:22:58:__construct:demo
2017-06-05 15:22:58:parse_meta_file:/home/dat/projects/editablegrid-mysql-pdo/backend/profiles/postgres/scenario1.tsv
2017-06-05 15:22:58:get cond:"id"='129':"id"='129'
2017-06-05 15:22:58:get:select * from "scenario1" where "id"='129'
2017-06-05 15:22:58:parse_meta_file:/home/dat/projects/editablegrid-mysql-pdo/backend/profiles/postgres/scenario1.tsv
2017-06-05 15:22:58:db:insert:1:rows:1 id:130 query:INSERT INTO demo."scenario1"  ("id","name","int","currency","float","bool","date","datetime","text","email","varchar_10","id_detail","enum","default") VALUES (DEFAULT,'Nicholas','18','1.92','2','0',NULL,NULL,'','mollis@eutellus.co.uk','Troy','4','','FOOBAR')
2017-06-05 15:22:58:__construct:demo
2017-06-05 15:22:58:db:load:SELECT * FROM "scenario1"
2017-06-05 15:22:58:parse_meta_file:/home/dat/projects/editablegrid-mysql-pdo/backend/profiles/postgres/scenario1.tsv
2017-06-05 15:23:01:__construct:demo
2017-06-05 15:23:01:parse_meta_file:/home/dat/projects/editablegrid-mysql-pdo/backend/profiles/postgres/demo.tsv
2017-06-05 15:23:01:get cond:"id"='1009':"id"='1009'
2017-06-05 15:23:01:get:select * from "demo" where "id"='1009'
2017-06-05 15:23:01:parse_meta_file:/home/dat/projects/editablegrid-mysql-pdo/backend/profiles/postgres/demo.tsv
2017-06-05 15:23:01:get_next_id:select max(id)+1 from "demo"
2017-06-05 15:23:01:db:insert:1:rows:1 id: query:INSERT INTO demo."demo"  ("id","name","firstname","age","height","id_continent","id_country","email","freelance","lastvisit","website") VALUES ('1010','Atkins','Ishmael','44','1.42','eu','UK','arcu.et.pede@musProin.cam','1','2012-02-25','www.xzuquuhxbid.ltk')
2017-06-05 15:23:01:__construct:demo
2017-06-05 15:23:01:db:load:SELECT * FROM "demo"
2017-06-05 15:23:01:parse_meta_file:/home/dat/projects/editablegrid-mysql-pdo/backend/profiles/postgres/demo.tsv
2017-06-05 15:23:04:__construct:demo
2017-06-05 15:23:04:parse_meta_file:/home/dat/projects/editablegrid-mysql-pdo/backend/profiles/postgres/demo.tsv
2017-06-05 15:23:04:get cond:"id"='1010':"id"='1010'
2017-06-05 15:23:04:get:select * from "demo" where "id"='1010'
2017-06-05 15:23:04:parse_meta_file:/home/dat/projects/editablegrid-mysql-pdo/backend/profiles/postgres/demo.tsv
2017-06-05 15:23:04:get_next_id:select max(id)+1 from "demo"
2017-06-05 15:23:04:db:insert:1:rows:1 id: query:INSERT INTO demo."demo"  ("id","name","firstname","age","height","id_continent","id_country","email","freelance","lastvisit","website") VALUES ('1011','Atkins','Ishmael','44','1.42','eu','UK','arcu.et.pede@musProin.cam','1','2012-02-25','www.xzuquuhxbid.ltk')
2017-06-05 15:23:04:__construct:demo
2017-06-05 15:23:04:db:load:SELECT * FROM "demo"
2017-06-05 15:23:04:parse_meta_file:/home/dat/projects/editablegrid-mysql-pdo/backend/profiles/postgres/demo.tsv
2017-06-05 15:23:07:__construct:demo
2017-06-05 15:23:07:parse_meta_file:/home/dat/projects/editablegrid-mysql-pdo/backend/profiles/postgres/demo.tsv
2017-06-05 15:23:07:get cond:"id"='1010':"id"='1010'
2017-06-05 15:23:07:get:select * from "demo" where "id"='1010'
2017-06-05 15:23:07:parse_meta_file:/home/dat/projects/editablegrid-mysql-pdo/backend/profiles/postgres/demo.tsv
2017-06-05 15:23:07:get_next_id:select max(id)+1 from "demo"
2017-06-05 15:23:07:db:insert:1:rows:1 id: query:INSERT INTO demo."demo"  ("id","name","firstname","age","height","id_continent","id_country","email","freelance","lastvisit","website") VALUES ('1012','Atkins','Ishmael','44','1.42','eu','UK','arcu.et.pede@musProin.cam','1','2012-02-25','www.xzuquuhxbid.ltk')
2017-06-05 15:23:07:__construct:demo
2017-06-05 15:23:07:db:load:SELECT * FROM "demo"
2017-06-05 15:23:07:parse_meta_file:/home/dat/projects/editablegrid-mysql-pdo/backend/profiles/postgres/demo.tsv
2017-06-05 15:23:31:__construct:demo
2017-06-05 15:23:31:parse_meta_file:/home/dat/projects/editablegrid-mysql-pdo/backend/profiles/postgres/demo.tsv
2017-06-05 15:23:31:parse_meta_file:/home/dat/projects/editablegrid-mysql-pdo/backend/profiles/postgres/demo.tsv
2017-06-05 15:23:31:update db_cols:id_continent:
2017-06-05 15:23:31:db:modify::rows: query:UPDATE "demo" SET "id_continent"= WHERE "id"='1012'
2017-06-05 15:23:31:modify:id_continent:
2017-06-05 15:25:25:__construct:demo
2017-06-05 15:25:25:parse_meta_file:/home/dat/projects/editablegrid-mysql-pdo/backend/profiles/postgres/scenario2.tsv
2017-06-05 15:25:25:parse_meta_file:/home/dat/projects/editablegrid-mysql-pdo/backend/profiles/postgres/scenario2.tsv
2017-06-05 15:25:25:update db_cols:varchar_10:
2017-06-05 15:25:25:db:modify:1:rows:1 query:UPDATE "scenario2" SET "varchar_10"='' WHERE "id"='5'
2017-06-05 15:25:25:modify:varchar_10:1
2017-06-05 15:25:30:__construct:demo
2017-06-05 15:25:30:parse_meta_file:/home/dat/projects/editablegrid-mysql-pdo/backend/profiles/postgres/scenario2.tsv
2017-06-05 15:25:30:parse_meta_file:/home/dat/projects/editablegrid-mysql-pdo/backend/profiles/postgres/scenario2.tsv
2017-06-05 15:25:30:update db_cols:datetime:
2017-06-05 15:25:30:db:modify::rows: query:UPDATE "scenario2" SET "datetime"= WHERE "id"='24'
2017-06-05 15:25:30:modify:datetime:
2017-06-05 15:25:40:__construct:demo
2017-06-05 15:25:40:parse_meta_file:/home/dat/projects/editablegrid-mysql-pdo/backend/profiles/postgres/scenario2.tsv
2017-06-05 15:25:40:parse_meta_file:/home/dat/projects/editablegrid-mysql-pdo/backend/profiles/postgres/scenario2.tsv
2017-06-05 15:25:40:update db_cols:datetime:
2017-06-05 15:25:40:db:modify::rows: query:UPDATE "scenario2" SET "datetime"= WHERE "id"='27'
2017-06-05 15:25:40:modify:datetime:
2017-06-05 15:27:13:__construct:demo
2017-06-05 15:27:13:parse_meta_file:/home/dat/projects/editablegrid-mysql-pdo/backend/profiles/postgres/scenario2.tsv
2017-06-05 15:27:13:parse_meta_file:/home/dat/projects/editablegrid-mysql-pdo/backend/profiles/postgres/scenario2.tsv
2017-06-05 15:27:13:update db_cols:datetime:
2017-06-05 15:27:13:db:modify::rows: query:UPDATE "scenario2" SET "datetime"= WHERE "id"='26'
2017-06-05 15:27:13:modify:datetime:
2017-06-05 15:27:15:__construct:demo
2017-06-05 15:27:15:db:load:SELECT * FROM "scenario1"
2017-06-05 15:27:15:parse_meta_file:/home/dat/projects/editablegrid-mysql-pdo/backend/profiles/postgres/scenario1.tsv
2017-06-05 15:27:15:__construct:demo
2017-06-05 15:27:15:db:load:SELECT * FROM "scenario2"
2017-06-05 15:27:15:parse_meta_file:/home/dat/projects/editablegrid-mysql-pdo/backend/profiles/postgres/scenario2.tsv
2017-06-05 15:27:15:__construct:demo
2017-06-05 15:27:15:db:load:SELECT * FROM "demo"
2017-06-05 15:27:15:parse_meta_file:/home/dat/projects/editablegrid-mysql-pdo/backend/profiles/postgres/demo.tsv
2017-06-05 15:27:19:__construct:demo
2017-06-05 15:27:19:parse_meta_file:/home/dat/projects/editablegrid-mysql-pdo/backend/profiles/postgres/scenario2.tsv
2017-06-05 15:27:19:parse_meta_file:/home/dat/projects/editablegrid-mysql-pdo/backend/profiles/postgres/scenario2.tsv
2017-06-05 15:27:19:update db_cols:datetime:
2017-06-05 15:27:19:db:modify::rows: query:UPDATE "scenario2" SET "datetime"= WHERE "id"='31'
2017-06-05 15:27:19:modify:datetime:
2017-06-05 15:28:28:__construct:demo
2017-06-05 15:28:28:parse_meta_file:/home/dat/projects/editablegrid-mysql-pdo/backend/profiles/postgres/scenario2.tsv
2017-06-05 15:28:28:parse_meta_file:/home/dat/projects/editablegrid-mysql-pdo/backend/profiles/postgres/scenario2.tsv
2017-06-05 15:28:28:update db_cols:currency:
2017-06-05 15:28:28:db:modify::rows: query:UPDATE "scenario2" SET "currency"= WHERE "id"='32'
2017-06-05 15:28:28:modify:currency:
2017-06-05 15:28:40:__construct:demo
2017-06-05 15:28:40:parse_meta_file:/home/dat/projects/editablegrid-mysql-pdo/backend/profiles/postgres/scenario2.tsv
2017-06-05 15:28:40:parse_meta_file:/home/dat/projects/editablegrid-mysql-pdo/backend/profiles/postgres/scenario2.tsv
2017-06-05 15:28:40:update db_cols:bool:NaN
2017-06-05 15:28:40:db:modify::rows: query:UPDATE "scenario2" SET "bool"=NaN WHERE "id"='26'
2017-06-05 15:28:40:modify:bool:
2017-06-05 15:31:01:__construct:demo
2017-06-05 15:31:01:parse_meta_file:/home/dat/projects/editablegrid-mysql-pdo/backend/profiles/postgres/scenario2.tsv
2017-06-05 15:31:01:parse_meta_file:/home/dat/projects/editablegrid-mysql-pdo/backend/profiles/postgres/scenario2.tsv
2017-06-05 15:31:01:update db_cols:date:2017-6-6
2017-06-05 15:31:01:db:modify::rows: query:UPDATE "scenario2" SET "date"=2017-6-6 WHERE "id"='22'
2017-06-05 15:31:01:modify:date:
2017-06-05 15:33:16:__construct:demo
2017-06-05 15:33:16:__construct:demo
2017-06-05 15:33:16:db:load:SELECT * FROM "scenario2"
2017-06-05 15:33:16:parse_meta_file:/home/dat/projects/editablegrid-mysql-pdo/backend/profiles/postgres/scenario2.tsv
2017-06-05 15:33:16:db:load:SELECT * FROM "scenario1"
2017-06-05 15:33:16:parse_meta_file:/home/dat/projects/editablegrid-mysql-pdo/backend/profiles/postgres/scenario1.tsv
2017-06-05 15:33:16:__construct:demo
2017-06-05 15:33:16:db:load:SELECT * FROM "demo"
2017-06-05 15:33:16:parse_meta_file:/home/dat/projects/editablegrid-mysql-pdo/backend/profiles/postgres/demo.tsv
2017-06-05 15:33:25:__construct:demo
2017-06-05 15:33:25:parse_meta_file:/home/dat/projects/editablegrid-mysql-pdo/backend/profiles/postgres/scenario1.tsv
2017-06-05 15:33:25:parse_meta_file:/home/dat/projects/editablegrid-mysql-pdo/backend/profiles/postgres/scenario1.tsv
2017-06-05 15:33:25:update db_cols:currency:393
2017-06-05 15:33:25:db:modify:1:rows:1 query:UPDATE "scenario1" SET "currency"='393' WHERE "id"='130'
2017-06-05 15:33:25:modify:currency:1
2017-06-05 15:33:35:__construct:demo
2017-06-05 15:33:35:parse_meta_file:/home/dat/projects/editablegrid-mysql-pdo/backend/profiles/postgres/demo.tsv
2017-06-05 15:33:35:parse_meta_file:/home/dat/projects/editablegrid-mysql-pdo/backend/profiles/postgres/demo.tsv
2017-06-05 15:33:35:update db_cols:id_continent:
2017-06-05 15:33:35:db:modify:1:rows:1 query:UPDATE "demo" SET "id_continent"='' WHERE "id"='1012'
2017-06-05 15:33:35:modify:id_continent:1
