op
query
ok

op
query
ok

op
query
ok

op
query
ok

op
query
ok

op
query
ok

op
query
ok

op
query
ok

op
query
ok

op
query
ok

op
query
ok

op
query
ok

op
query
ok

op
query
ok

get_col_type
scenario1_enum
ok

get_col_type
scenario2_enum
ok

op
query
ok

update
UPDATE `scenario1` SET `name`='Nicholasxxx' WHERE id = '4'
error

errorInfo
42601
ok

op
query
ok

add
INSERT INTO scenario1  () VALUES ()
ok

errorInfo
42601
ok

op
query
ok

op
query
ok

get_col_type
scenario2_enum
ok

get_col_type
scenario1_enum
ok

op
query
ok

add
INSERT INTO scenario1  () VALUES ()
ok

errorInfo
42601
ok

op
query
ok

update
UPDATE `scenario1` SET `varchar_10`=' sss' WHERE id = '3'
error

errorInfo
42601
ok

op
query
ok

op
query
ok

get_col_type
scenario1_enum
ok

get_col_type
scenario2_enum
ok

op
query
ok

add
INSERT INTO scenario1  () VALUES ()
ok

errorInfo
42601
ok

op
query
ok

update
UPDATE `scenario1` SET `float`='xxx' WHERE id = '4'
error

errorInfo
42601
ok

